"../../../Engine/Content/EngineResources/DefaultTexture.ubulk" 0
"../../../Engine/Content/EngineResources/DefaultTexture.uasset" 1
"../../../Engine/Content/EngineResources/DefaultTexture.uexp" 2
"../../../Engine/Content/EngineResources/DefaultTextureCube.uasset" 3
"../../../Engine/Content/EngineResources/DefaultTextureCube.uexp" 4
"../../../Engine/Content/EngineResources/DefaultVolumeTexture2D.uasset" 5
"../../../Engine/Content/EngineResources/DefaultVolumeTexture2D.uexp" 6
"../../../Engine/Content/EngineResources/DefaultVolumeTexture.uasset" 7
"../../../Engine/Content/EngineResources/DefaultVolumeTexture.uexp" 8
"../../../Engine/Content/EngineMeshes/Sphere.uasset" 9
"../../../Engine/Content/EngineMeshes/Sphere.uexp" 10
"../../../Engine/Content/EngineResources/GradientTexture0.uasset" 11
"../../../Engine/Content/EngineResources/GradientTexture0.uexp" 12
"../../../Engine/Content/EngineMaterials/T_Default_Material_Grid_M.ubulk" 13
"../../../Engine/Content/EngineMaterials/T_Default_Material_Grid_M.uasset" 14
"../../../Engine/Content/EngineMaterials/T_Default_Material_Grid_M.uexp" 15
"../../../Engine/Content/EngineMaterials/T_Default_Material_Grid_N.ubulk" 16
"../../../Engine/Content/EngineMaterials/T_Default_Material_Grid_N.uasset" 17
"../../../Engine/Content/EngineMaterials/T_Default_Material_Grid_N.uexp" 18
"../../../Engine/Content/Functions/Engine_MaterialFunctions01/Opacity/CameraDepthFade.uasset" 19
"../../../Engine/Content/Functions/Engine_MaterialFunctions01/Opacity/CameraDepthFade.uexp" 20
"../../../Engine/Content/EngineMaterials/WorldGridMaterial.uasset" 21
"../../../Engine/Content/EngineMaterials/WorldGridMaterial.uexp" 22
"../../../Engine/Content/ArtTools/RenderToTexture/Meshes/S_1_Unit_Plane.uasset" 23
"../../../Engine/Content/ArtTools/RenderToTexture/Meshes/S_1_Unit_Plane.uexp" 24
"../../../Engine/Content/EngineMaterials/DefaultMaterial.uasset" 25
"../../../Engine/Content/EngineMaterials/DefaultMaterial.uexp" 26
"../../../Engine/Content/BasicShapes/Sphere.uasset" 27
"../../../Engine/Content/BasicShapes/Sphere.uexp" 28
"../../../Engine/Content/BasicShapes/Cylinder.uasset" 29
"../../../Engine/Content/BasicShapes/Cylinder.uexp" 30
"../../../Engine/Content/BasicShapes/Cone.uasset" 31
"../../../Engine/Content/BasicShapes/Cone.uexp" 32
"../../../Engine/Plugins/Media/MediaPlate/Content/SM_MediaPlateScreen.uasset" 33
"../../../Engine/Plugins/Media/MediaPlate/Content/SM_MediaPlateScreen.uexp" 34
"../../../Engine/Content/EngineMaterials/Good64x64TilingNoiseHighFreq.uasset" 35
"../../../Engine/Content/EngineMaterials/Good64x64TilingNoiseHighFreq.uexp" 36
"../../../Engine/Content/EngineMaterials/DefaultBokeh.uasset" 37
"../../../Engine/Content/EngineMaterials/DefaultBokeh.uexp" 38
"../../../Engine/Content/EngineMaterials/PreintegratedSkinBRDF.uasset" 39
"../../../Engine/Content/EngineMaterials/PreintegratedSkinBRDF.uexp" 40
"../../../Engine/Content/EngineMaterials/MiniFont.uasset" 41
"../../../Engine/Content/EngineMaterials/MiniFont.uexp" 42
"../../../Engine/Content/EngineMaterials/WeightMapPlaceholderTexture.uasset" 43
"../../../Engine/Content/EngineMaterials/WeightMapPlaceholderTexture.uexp" 44
"../../../Engine/Content/EngineMaterials/DefaultWhiteGrid.ubulk" 45
"../../../Engine/Content/EngineMaterials/DefaultWhiteGrid.uasset" 46
"../../../Engine/Content/EngineMaterials/DefaultWhiteGrid.uexp" 47
"../../../Engine/Content/Animation/DefaultRecorderBoneCompression.uasset" 48
"../../../Engine/Content/Animation/DefaultRecorderBoneCompression.uexp" 49
"../../../Engine/Content/Animation/DefaultAnimCurveCompressionSettings.uasset" 50
"../../../Engine/Content/Animation/DefaultAnimCurveCompressionSettings.uexp" 51
"../../../Engine/Content/Animation/DefaultAnimBoneCompressionSettings.uasset" 52
"../../../Engine/Content/Animation/DefaultAnimBoneCompressionSettings.uexp" 53
"../../../Engine/Content/Functions/Engine_MaterialFunctions02/Utility/MakeFloat4.uasset" 54
"../../../Engine/Content/Functions/Engine_MaterialFunctions02/Utility/MakeFloat4.uexp" 55
"../../../Engine/Content/Functions/Engine_MaterialFunctions02/Utility/MakeFloat3.uasset" 56
"../../../Engine/Content/Functions/Engine_MaterialFunctions02/Utility/MakeFloat3.uexp" 57
"../../../Engine/Content/Functions/Engine_MaterialFunctions02/Utility/BreakOutFloat3Components.uasset" 58
"../../../Engine/Content/Functions/Engine_MaterialFunctions02/Utility/BreakOutFloat3Components.uexp" 59
"../../../Engine/Content/EngineDamageTypes/DmgTypeBP_Environmental.uasset" 60
"../../../Engine/Content/EngineDamageTypes/DmgTypeBP_Environmental.uexp" 61
"../../../Engine/Content/Functions/Engine_MaterialFunctions02/Utility/CameraDirectionVector.uasset" 62
"../../../Engine/Content/Functions/Engine_MaterialFunctions02/Utility/CameraDirectionVector.uexp" 63
"../../../Engine/Content/EngineDebugMaterials/VolumeToRender.uasset" 64
"../../../Engine/Content/EngineDebugMaterials/VolumeToRender.uexp" 65
"../../../Engine/Content/EngineDebugMaterials/M_VolumeRenderSphereTracePP.uasset" 66
"../../../Engine/Content/EngineDebugMaterials/M_VolumeRenderSphereTracePP.uexp" 67
"../../../Engine/Content/EngineDebugMaterials/M_SimpleUnlitTranslucent.uasset" 68
"../../../Engine/Content/EngineDebugMaterials/M_SimpleUnlitTranslucent.uexp" 69
"../../../Engine/Content/EngineDebugMaterials/DebugMeshMaterial.uasset" 70
"../../../Engine/Content/EngineDebugMaterials/DebugMeshMaterial.uexp" 71
"../../../Engine/Content/EngineDebugMaterials/DebugEditorMaterial.uasset" 72
"../../../Engine/Content/EngineDebugMaterials/DebugEditorMaterial.uexp" 73
"../../../Engine/Content/EngineFonts/Faces/RobotoLight.uexp" 74
"../../../Engine/Content/EngineFonts/Faces/RobotoLight.uasset" 75
"../../../Engine/Content/EngineFonts/Faces/RobotoLight.ufont" 76
"../../../Engine/Content/EngineFonts/Faces/RobotoBold.uexp" 77
"../../../Engine/Content/EngineFonts/Faces/RobotoBold.uasset" 78
"../../../Engine/Content/EngineFonts/Faces/RobotoBold.ufont" 79
"../../../Engine/Content/EngineFonts/Faces/RobotoRegular.uexp" 80
"../../../Engine/Content/EngineFonts/Faces/RobotoRegular.uasset" 81
"../../../Engine/Content/EngineFonts/Faces/RobotoRegular.ufont" 82
"../../../Engine/Content/EngineFonts/Faces/DroidSansFallback.uexp" 83
"../../../Engine/Content/EngineFonts/Faces/DroidSansFallback.uasset" 84
"../../../Engine/Content/EngineFonts/Faces/DroidSansFallback.ufont" 85
"../../../Engine/Content/EngineFonts/Faces/RobotoItalic.uexp" 86
"../../../Engine/Content/EngineFonts/Faces/RobotoItalic.uasset" 87
"../../../Engine/Content/EngineFonts/Faces/RobotoItalic.ufont" 88
"../../../Engine/Content/EngineFonts/Faces/RobotoBoldItalic.uexp" 89
"../../../Engine/Content/EngineFonts/Faces/RobotoBoldItalic.uasset" 90
"../../../Engine/Content/EngineFonts/Faces/RobotoBoldItalic.ufont" 91
"../../../Engine/Content/EngineFonts/Roboto.uasset" 92
"../../../Engine/Content/EngineFonts/Roboto.uexp" 93
"../../../Engine/Content/EngineResources/WhiteSquareTexture.uasset" 94
"../../../Engine/Content/EngineResources/WhiteSquareTexture.uexp" 95
"../../../Engine/Content/EngineMaterials/Widget3DPassThrough.uasset" 96
"../../../Engine/Content/EngineMaterials/Widget3DPassThrough.uexp" 97
"../../../Engine/Content/EngineMaterials/Widget3DPassThrough_Translucent.uasset" 98
"../../../Engine/Content/EngineMaterials/Widget3DPassThrough_Translucent.uexp" 99
"../../../Engine/Content/EngineMaterials/Widget3DPassThrough_Translucent_OneSided.uasset" 100
"../../../Engine/Content/EngineMaterials/Widget3DPassThrough_Translucent_OneSided.uexp" 101
"../../../Engine/Content/EngineMaterials/Widget3DPassThrough_Opaque.uasset" 102
"../../../Engine/Content/EngineMaterials/Widget3DPassThrough_Opaque.uexp" 103
"../../../Engine/Content/EngineMaterials/Widget3DPassThrough_Opaque_OneSided.uasset" 104
"../../../Engine/Content/EngineMaterials/Widget3DPassThrough_Opaque_OneSided.uexp" 105
"../../../Engine/Content/EngineMaterials/Widget3DPassThrough_Masked_OneSided.uasset" 106
"../../../Engine/Content/EngineMaterials/Widget3DPassThrough_Masked_OneSided.uexp" 107
"../../../Engine/Content/EngineMaterials/Widget3DPassThrough_Masked.uasset" 108
"../../../Engine/Content/EngineMaterials/Widget3DPassThrough_Masked.uexp" 109
"../../../Engine/Content/EngineMaterials/STBlueNoise_vec2_128x128x64.uasset" 110
"../../../Engine/Content/EngineMaterials/STBlueNoise_vec2_128x128x64.uexp" 111
"../../../Engine/Content/EngineMaterials/STBlueNoise_scalar_128x128x64.uasset" 112
"../../../Engine/Content/EngineMaterials/STBlueNoise_scalar_128x128x64.uexp" 113
"../../../Engine/Content/EngineMaterials/RemoveSurfaceMaterial.uasset" 114
"../../../Engine/Content/EngineMaterials/RemoveSurfaceMaterial.uexp" 115
"../../../Engine/Content/EngineMaterials/DefaultCalibrationGrayscale.uasset" 116
"../../../Engine/Content/EngineMaterials/DefaultCalibrationGrayscale.uexp" 117
"../../../Engine/Content/EngineMaterials/PPM_DefaultCalibrationGrayscale.uasset" 118
"../../../Engine/Content/EngineMaterials/PPM_DefaultCalibrationGrayscale.uexp" 119
"../../../Engine/Content/EngineMaterials/DefaultCalibrationColor.uasset" 120
"../../../Engine/Content/EngineMaterials/DefaultCalibrationColor.uexp" 121
"../../../Engine/Content/EngineMaterials/PPM_DefaultCalibrationColor.uasset" 122
"../../../Engine/Content/EngineMaterials/PPM_DefaultCalibrationColor.uexp" 123
"../../../Engine/Content/Functions/Engine_MaterialFunctions02/WorldPositionOffset/CameraOffset.uasset" 124
"../../../Engine/Content/Functions/Engine_MaterialFunctions02/WorldPositionOffset/CameraOffset.uexp" 125
"../../../Engine/Content/EngineMaterials/PhAT_JointLimitMaterial.uasset" 126
"../../../Engine/Content/EngineMaterials/PhAT_JointLimitMaterial.uexp" 127
"../../../Engine/Content/EngineMaterials/InvalidLightmapSettings.ubulk" 128
"../../../Engine/Content/EngineMaterials/InvalidLightmapSettings.uasset" 129
"../../../Engine/Content/EngineMaterials/InvalidLightmapSettings.uexp" 130
"../../../Engine/Content/EngineMaterials/M_InvalidLightmapSettings.uasset" 131
"../../../Engine/Content/EngineMaterials/M_InvalidLightmapSettings.uexp" 132
"../../../Engine/Content/EngineMaterials/GizmoMaterial.uasset" 133
"../../../Engine/Content/EngineMaterials/GizmoMaterial.uexp" 134
"../../../Engine/Content/EngineMaterials/BaseFlattenEmissiveMap_VT.uasset" 135
"../../../Engine/Content/EngineMaterials/BaseFlattenEmissiveMap_VT.uexp" 136
"../../../Engine/Content/EngineMaterials/BaseFlattenGrayscaleMap_VT.uasset" 137
"../../../Engine/Content/EngineMaterials/BaseFlattenGrayscaleMap_VT.uexp" 138
"../../../Engine/Content/EngineMaterials/BaseFlattenLinearColor_VT.uasset" 139
"../../../Engine/Content/EngineMaterials/BaseFlattenLinearColor_VT.uexp" 140
"../../../Engine/Content/EngineMaterials/Black_1x1_EXR_Texture_VT.uasset" 141
"../../../Engine/Content/EngineMaterials/Black_1x1_EXR_Texture_VT.uexp" 142
"../../../Engine/Content/EngineMaterials/BaseFlattenDiffuseMap_VT.uasset" 143
"../../../Engine/Content/EngineMaterials/BaseFlattenDiffuseMap_VT.uexp" 144
"../../../Engine/Content/EngineMaterials/BaseFlattenNormalMap_VT.uasset" 145
"../../../Engine/Content/EngineMaterials/BaseFlattenNormalMap_VT.uexp" 146
"../../../Engine/Content/EngineMaterials/FlattenMaterial_WS_Normal_VT.uasset" 147
"../../../Engine/Content/EngineMaterials/FlattenMaterial_WS_Normal_VT.uexp" 148
"../../../Engine/Content/EngineMaterials/FlattenMaterial_VT.uasset" 149
"../../../Engine/Content/EngineMaterials/FlattenMaterial_VT.uexp" 150
"../../../Engine/Content/EngineMaterials/BaseFlattenNormalMap.uasset" 151
"../../../Engine/Content/EngineMaterials/BaseFlattenNormalMap.uexp" 152
"../../../Engine/Content/EngineMaterials/BaseFlattenGrayscaleMap.uasset" 153
"../../../Engine/Content/EngineMaterials/BaseFlattenGrayscaleMap.uexp" 154
"../../../Engine/Content/EngineMaterials/BaseFlattenDiffuseMap.uasset" 155
"../../../Engine/Content/EngineMaterials/BaseFlattenDiffuseMap.uexp" 156
"../../../Engine/Content/Functions/Engine_MaterialFunctions02/PivotPainter2/Black_1x1_EXR_Texture.uasset" 157
"../../../Engine/Content/Functions/Engine_MaterialFunctions02/PivotPainter2/Black_1x1_EXR_Texture.uexp" 158
"../../../Engine/Content/EngineMaterials/BaseFlattenEmissiveMap.uasset" 159
"../../../Engine/Content/EngineMaterials/BaseFlattenEmissiveMap.uexp" 160
"../../../Engine/Content/EngineMaterials/BaseFlattenLinearColor.uasset" 161
"../../../Engine/Content/EngineMaterials/BaseFlattenLinearColor.uexp" 162
"../../../Engine/Content/EngineMaterials/FlattenMaterial.uasset" 163
"../../../Engine/Content/EngineMaterials/FlattenMaterial.uexp" 164
"../../../Engine/Content/EngineMaterials/DefaultWhiteGrid_Low.uasset" 165
"../../../Engine/Content/EngineMaterials/DefaultWhiteGrid_Low.uexp" 166
"../../../Engine/Content/EngineMaterials/EmissiveMeshMaterial.uasset" 167
"../../../Engine/Content/EngineMaterials/EmissiveMeshMaterial.uexp" 168
"../../../Engine/Content/EngineFonts/RobotoDistanceField.uasset" 169
"../../../Engine/Content/EngineFonts/RobotoDistanceField.uexp" 170
"../../../Engine/Content/EngineMaterials/DefaultTextMaterialOpaque.uasset" 171
"../../../Engine/Content/EngineMaterials/DefaultTextMaterialOpaque.uexp" 172
"../../../Engine/Content/EngineMaterials/DefaultDiffuse.ubulk" 173
"../../../Engine/Content/EngineMaterials/DefaultDiffuse.uasset" 174
"../../../Engine/Content/EngineMaterials/DefaultDiffuse.uexp" 175
"../../../Engine/Content/Functions/Engine_MaterialFunctions02/Utility/BreakOutFloat2Components.uasset" 176
"../../../Engine/Content/Functions/Engine_MaterialFunctions02/Utility/BreakOutFloat2Components.uexp" 177
"../../../Engine/Content/EngineMaterials/DefaultPostProcessMaterial.uasset" 178
"../../../Engine/Content/EngineMaterials/DefaultPostProcessMaterial.uexp" 179
"../../../Engine/Content/EngineMaterials/DefaultPhysicalMaterial.uasset" 180
"../../../Engine/Content/EngineMaterials/DefaultPhysicalMaterial.uexp" 181
"../../../Engine/Content/EngineMaterials/DefaultLightFunctionMaterial.uasset" 182
"../../../Engine/Content/EngineMaterials/DefaultLightFunctionMaterial.uexp" 183
"../../../Engine/Content/EngineMaterials/DefaultDestructiblePhysicalMaterial.uasset" 184
"../../../Engine/Content/EngineMaterials/DefaultDestructiblePhysicalMaterial.uexp" 185
"../../../Engine/Content/EngineMaterials/DefaultDeferredDecalMaterial.uasset" 186
"../../../Engine/Content/EngineMaterials/DefaultDeferredDecalMaterial.uexp" 187
"../../../Engine/Content/EngineMaterials/DefaultBloomKernel.uasset" 188
"../../../Engine/Content/EngineMaterials/DefaultBloomKernel.uexp" 189
"../../../Engine/Content/EngineResources/FilmGrains/Marcie_Grain_v3_128_M2_000.uasset" 190
"../../../Engine/Content/EngineResources/FilmGrains/Marcie_Grain_v3_128_M2_000.uexp" 191
"../../../Engine/Content/EngineSky/VolumetricClouds/CloudWeatherTexture.uasset" 192
"../../../Engine/Content/EngineSky/VolumetricClouds/CloudWeatherTexture.uexp" 193
"../../../Engine/Content/Functions/Engine_MaterialFunctions02/Utility/MakeFloat2.uasset" 194
"../../../Engine/Content/Functions/Engine_MaterialFunctions02/Utility/MakeFloat2.uexp" 195
"../../../Engine/Content/EngineSky/VolumetricClouds/CloudGradientTexture.uasset" 196
"../../../Engine/Content/EngineSky/VolumetricClouds/CloudGradientTexture.uexp" 197
"../../../Engine/Content/EngineSky/VolumetricClouds/T_NoiseShape64.ubulk" 198
"../../../Engine/Content/EngineSky/VolumetricClouds/T_NoiseShape64.uasset" 199
"../../../Engine/Content/EngineSky/VolumetricClouds/T_NoiseShape64.uexp" 200
"../../../Engine/Content/EngineSky/VolumetricClouds/T_VolumeNoiseShape64.uasset" 201
"../../../Engine/Content/EngineSky/VolumetricClouds/T_VolumeNoiseShape64.uexp" 202
"../../../Engine/Content/EngineSky/VolumetricClouds/T_NoiseErosion.ubulk" 203
"../../../Engine/Content/EngineSky/VolumetricClouds/T_NoiseErosion.uasset" 204
"../../../Engine/Content/EngineSky/VolumetricClouds/T_NoiseErosion.uexp" 205
"../../../Engine/Content/EngineSky/VolumetricClouds/T_VolumeNoiseErosion32.uasset" 206
"../../../Engine/Content/EngineSky/VolumetricClouds/T_VolumeNoiseErosion32.uexp" 207
"../../../Engine/Content/EngineSky/VolumetricClouds/m_SimpleVolumetricCloud.uasset" 208
"../../../Engine/Content/EngineSky/VolumetricClouds/m_SimpleVolumetricCloud.uexp" 209
"../../../Engine/Content/EngineSky/VolumetricClouds/m_SimpleVolumetricCloud_Inst.uasset" 210
"../../../Engine/Content/EngineSky/VolumetricClouds/m_SimpleVolumetricCloud_Inst.uexp" 211
"../../../Engine/Content/EngineSounds/Master.uasset" 212
"../../../Engine/Content/EngineSounds/Master.uexp" 213
"../../../Engine/Content/Functions/Engine_MaterialFunctions01/Shading/PowerToRoughness.uasset" 214
"../../../Engine/Content/Functions/Engine_MaterialFunctions01/Shading/PowerToRoughness.uexp" 215
"../../../Engine/Content/MobileResources/HUD/VirtualJoystick_Background.uasset" 216
"../../../Engine/Content/MobileResources/HUD/VirtualJoystick_Background.uexp" 217
"../../../Engine/Content/MobileResources/HUD/VirtualJoystick_Thumb.uasset" 218
"../../../Engine/Content/MobileResources/HUD/VirtualJoystick_Thumb.uexp" 219
"../../../Engine/Content/MobileResources/HUD/DefaultVirtualJoysticks.uasset" 220
"../../../Engine/Content/MobileResources/HUD/DefaultVirtualJoysticks.uexp" 221
"../../../Engine/Plugins/Runtime/MeshModelingToolset/Content/Materials/M_DynamicMeshComponentVtxColor.uasset" 222
"../../../Engine/Plugins/Runtime/MeshModelingToolset/Content/Materials/M_DynamicMeshComponentVtxColor.uexp" 223
"../../../Engine/Plugins/Interchange/Runtime/Content/Pipelines/DefaultTexturePipeline.uasset" 224
"../../../Engine/Plugins/Interchange/Runtime/Content/Pipelines/DefaultTexturePipeline.uexp" 225
"../../../Engine/Plugins/Interchange/Runtime/Content/Pipelines/DefaultSceneLevelPipeline.uasset" 226
"../../../Engine/Plugins/Interchange/Runtime/Content/Pipelines/DefaultSceneLevelPipeline.uexp" 227
"../../../Engine/Plugins/Interchange/Runtime/Content/Pipelines/DefaultSceneAssetsPipeline.uasset" 228
"../../../Engine/Plugins/Interchange/Runtime/Content/Pipelines/DefaultSceneAssetsPipeline.uexp" 229
"../../../Engine/Plugins/Interchange/Runtime/Content/Pipelines/DefaultMaterialPipeline.uasset" 230
"../../../Engine/Plugins/Interchange/Runtime/Content/Pipelines/DefaultMaterialPipeline.uexp" 231
"../../../Engine/Plugins/Interchange/Runtime/Content/Pipelines/DefaultAssetsPipeline.uasset" 232
"../../../Engine/Plugins/Interchange/Runtime/Content/Pipelines/DefaultAssetsPipeline.uexp" 233
"../../../Engine/Plugins/Interchange/Runtime/Content/Materials/UnlitMaterial.uasset" 234
"../../../Engine/Plugins/Interchange/Runtime/Content/Materials/UnlitMaterial.uexp" 235
"../../../Engine/Content/EngineMaterials/DefaultNormal.ubulk" 236
"../../../Engine/Content/EngineMaterials/DefaultNormal.uasset" 237
"../../../Engine/Content/EngineMaterials/DefaultNormal.uexp" 238
"../../../Engine/Plugins/Interchange/Runtime/Content/Materials/MapOrScalarFunction.uasset" 239
"../../../Engine/Plugins/Interchange/Runtime/Content/Materials/MapOrScalarFunction.uexp" 240
"../../../Engine/Plugins/Interchange/Runtime/Content/Materials/MapOrLinearColorFunction.uasset" 241
"../../../Engine/Plugins/Interchange/Runtime/Content/Materials/MapOrLinearColorFunction.uexp" 242
"../../../Engine/Plugins/Interchange/Runtime/Content/Materials/MapOrColorFunction.uasset" 243
"../../../Engine/Plugins/Interchange/Runtime/Content/Materials/MapOrColorFunction.uexp" 244
"../../../Engine/Plugins/Interchange/Runtime/Content/Materials/CommonMaterial.uasset" 245
"../../../Engine/Plugins/Interchange/Runtime/Content/Materials/CommonMaterial.uexp" 246
"../../../Engine/Plugins/Interchange/Runtime/Content/Materials/PBRSurfaceFunction.uasset" 247
"../../../Engine/Plugins/Interchange/Runtime/Content/Materials/PBRSurfaceFunction.uexp" 248
"../../../Engine/Plugins/Interchange/Runtime/Content/Materials/ThinTranslucentMaterial.uasset" 249
"../../../Engine/Plugins/Interchange/Runtime/Content/Materials/ThinTranslucentMaterial.uexp" 250
"../../../Engine/Plugins/Interchange/Runtime/Content/Materials/SubsurfaceMaterial.uasset" 251
"../../../Engine/Plugins/Interchange/Runtime/Content/Materials/SubsurfaceMaterial.uexp" 252
"../../../Engine/Plugins/Interchange/Runtime/Content/Materials/SheenMaterial.uasset" 253
"../../../Engine/Plugins/Interchange/Runtime/Content/Materials/SheenMaterial.uexp" 254
"../../../Engine/Content/Functions/Engine_MaterialFunctions01/Shading/ConvertFromDiffSpec.uasset" 255
"../../../Engine/Content/Functions/Engine_MaterialFunctions01/Shading/ConvertFromDiffSpec.uexp" 256
"../../../Engine/Plugins/Interchange/Runtime/Content/Materials/PhongSurfaceMaterial.uasset" 257
"../../../Engine/Plugins/Interchange/Runtime/Content/Materials/PhongSurfaceMaterial.uexp" 258
"../../../Engine/Plugins/Interchange/Runtime/Content/Materials/PBRSurfaceMaterial.uasset" 259
"../../../Engine/Plugins/Interchange/Runtime/Content/Materials/PBRSurfaceMaterial.uexp" 260
"../../../Engine/Content/EngineMaterials/FlatNormal.uasset" 261
"../../../Engine/Content/EngineMaterials/FlatNormal.uexp" 262
"../../../Engine/Plugins/Interchange/Runtime/Content/Functions/MF_OrenNayerView.uasset" 263
"../../../Engine/Plugins/Interchange/Runtime/Content/Functions/MF_OrenNayerView.uexp" 264
"../../../Engine/Plugins/Interchange/Runtime/Content/Functions/MF_SchlickApprox.uasset" 265
"../../../Engine/Plugins/Interchange/Runtime/Content/Functions/MF_SchlickApprox.uexp" 266
"../../../Engine/Plugins/Interchange/Runtime/Content/Utilities/New_LUT.uasset" 267
"../../../Engine/Plugins/Interchange/Runtime/Content/Utilities/New_LUT.uexp" 268
"../../../Engine/Content/Functions/Engine_MaterialFunctions03/Math/RemapValueRange.uasset" 269
"../../../Engine/Content/Functions/Engine_MaterialFunctions03/Math/RemapValueRange.uexp" 270
"../../../Engine/Plugins/Interchange/Runtime/Content/Functions/MF_Iridescence.uasset" 271
"../../../Engine/Plugins/Interchange/Runtime/Content/Functions/MF_Iridescence.uexp" 272
"../../../Engine/Plugins/Interchange/Runtime/Content/Materials/OrenNayerMaterial.uasset" 273
"../../../Engine/Plugins/Interchange/Runtime/Content/Materials/OrenNayerMaterial.uexp" 274
"../../../Engine/Plugins/Interchange/Runtime/Content/Materials/LambertSurfaceMaterial.uasset" 275
"../../../Engine/Plugins/Interchange/Runtime/Content/Materials/LambertSurfaceMaterial.uexp" 276
"../../../Engine/Plugins/Interchange/Runtime/Content/Materials/ClearCoatMaterial.uasset" 277
"../../../Engine/Plugins/Interchange/Runtime/Content/Materials/ClearCoatMaterial.uexp" 278
"../../../Engine/Plugins/Interchange/Runtime/Content/gltf/Textures/T_Gray_Linear.uasset" 279
"../../../Engine/Plugins/Interchange/Runtime/Content/gltf/Textures/T_Gray_Linear.uexp" 280
"../../../Engine/Plugins/Interchange/Runtime/Content/gltf/Textures/T_Black_srgb.uasset" 281
"../../../Engine/Plugins/Interchange/Runtime/Content/gltf/Textures/T_Black_srgb.uexp" 282
"../../../Engine/Plugins/Interchange/Runtime/Content/gltf/MaterialFunctions/MF_RotateV2.uasset" 283
"../../../Engine/Plugins/Interchange/Runtime/Content/gltf/MaterialFunctions/MF_RotateV2.uexp" 284
"../../../Engine/Plugins/Interchange/Runtime/Content/gltf/MaterialFunctions/MF_TransformUVs.uasset" 285
"../../../Engine/Plugins/Interchange/Runtime/Content/gltf/MaterialFunctions/MF_TransformUVs.uexp" 286
"../../../Engine/Plugins/Interchange/Runtime/Content/gltf/Textures/T_White_srgb.uasset" 287
"../../../Engine/Plugins/Interchange/Runtime/Content/gltf/Textures/T_White_srgb.uexp" 288
"../../../Engine/Plugins/Interchange/Runtime/Content/gltf/MaterialFunctions/MF_BaseColor.uasset" 289
"../../../Engine/Plugins/Interchange/Runtime/Content/gltf/MaterialFunctions/MF_BaseColor.uexp" 290
"../../../Engine/Plugins/Interchange/Runtime/Content/gltf/MaterialFunctions/MF_DiffuseSpecGloss.uasset" 291
"../../../Engine/Plugins/Interchange/Runtime/Content/gltf/MaterialFunctions/MF_DiffuseSpecGloss.uexp" 292
"../../../Engine/Plugins/Interchange/Runtime/Content/gltf/Textures/T_White_Linear.uasset" 293
"../../../Engine/Plugins/Interchange/Runtime/Content/gltf/Textures/T_White_Linear.uexp" 294
"../../../Engine/Plugins/Interchange/Runtime/Content/gltf/MaterialFunctions/MF_MetallicRoughness.uasset" 295
"../../../Engine/Plugins/Interchange/Runtime/Content/gltf/MaterialFunctions/MF_MetallicRoughness.uexp" 296
"../../../Engine/Plugins/Interchange/Runtime/Content/gltf/MaterialFunctions/MF_Transmission.uasset" 297
"../../../Engine/Plugins/Interchange/Runtime/Content/gltf/MaterialFunctions/MF_Transmission.uexp" 298
"../../../Engine/Plugins/Interchange/Runtime/Content/gltf/MaterialFunctions/MF_Occlusion.uasset" 299
"../../../Engine/Plugins/Interchange/Runtime/Content/gltf/MaterialFunctions/MF_Occlusion.uexp" 300
"../../../Engine/Content/Functions/Engine_MaterialFunctions02/Texturing/CustomRotator.uasset" 301
"../../../Engine/Content/Functions/Engine_MaterialFunctions02/Texturing/CustomRotator.uexp" 302
"../../../Engine/Content/Functions/Engine_MaterialFunctions02/Texturing/ScreenAlignedPixelToPixelUVs.uasset" 303
"../../../Engine/Content/Functions/Engine_MaterialFunctions02/Texturing/ScreenAlignedPixelToPixelUVs.uexp" 304
"../../../Engine/Plugins/Interchange/Runtime/Content/Utilities/T_Bayer64_Grayscale_64px.uasset" 305
"../../../Engine/Plugins/Interchange/Runtime/Content/Utilities/T_Bayer64_Grayscale_64px.uexp" 306
"../../../Engine/Plugins/Interchange/Runtime/Content/gltf/MaterialFunctions/MF_Temporal_Blur.uasset" 307
"../../../Engine/Plugins/Interchange/Runtime/Content/gltf/MaterialFunctions/MF_Temporal_Blur.uexp" 308
"../../../Engine/Plugins/Interchange/Runtime/Content/gltf/MaterialFunctions/MF_Specular.uasset" 309
"../../../Engine/Plugins/Interchange/Runtime/Content/gltf/MaterialFunctions/MF_Specular.uexp" 310
"../../../Engine/Plugins/Interchange/Runtime/Content/gltf/MaterialFunctions/MF_IOR.uasset" 311
"../../../Engine/Plugins/Interchange/Runtime/Content/gltf/MaterialFunctions/MF_IOR.uexp" 312
"../../../Engine/Plugins/Interchange/Runtime/Content/gltf/MaterialFunctions/MF_Fresnel_DS.uasset" 313
"../../../Engine/Plugins/Interchange/Runtime/Content/gltf/MaterialFunctions/MF_Fresnel_DS.uexp" 314
"../../../Engine/Content/Functions/Engine_MaterialFunctions01/Texturing/FlattenNormal.uasset" 315
"../../../Engine/Content/Functions/Engine_MaterialFunctions01/Texturing/FlattenNormal.uexp" 316
"../../../Engine/Content/Functions/Engine_MaterialFunctions02/Math/Transform3x3Matrix.uasset" 317
"../../../Engine/Content/Functions/Engine_MaterialFunctions02/Math/Transform3x3Matrix.uexp" 318
"../../../Engine/Plugins/Interchange/Runtime/Content/gltf/MaterialFunctions/MF_RotateNormals_TS.uasset" 319
"../../../Engine/Plugins/Interchange/Runtime/Content/gltf/MaterialFunctions/MF_RotateNormals_TS.uexp" 320
"../../../Engine/Plugins/Interchange/Runtime/Content/gltf/Textures/T_Generic_N.uasset" 321
"../../../Engine/Plugins/Interchange/Runtime/Content/gltf/Textures/T_Generic_N.uexp" 322
"../../../Engine/Plugins/Interchange/Runtime/Content/gltf/MaterialFunctions/MF_Normals.uasset" 323
"../../../Engine/Plugins/Interchange/Runtime/Content/gltf/MaterialFunctions/MF_Normals.uexp" 324
"../../../Engine/Content/Functions/Engine_MaterialFunctions02/Math/AddComponents.uasset" 325
"../../../Engine/Content/Functions/Engine_MaterialFunctions02/Math/AddComponents.uexp" 326
"../../../Engine/Plugins/Interchange/Runtime/Content/gltf/MaterialFunctions/MF_PerceivedBrightness.uasset" 327
"../../../Engine/Plugins/Interchange/Runtime/Content/gltf/MaterialFunctions/MF_PerceivedBrightness.uexp" 328
"../../../Engine/Plugins/Interchange/Runtime/Content/gltf/MaterialFunctions/MF_SpecGlossToMetalRoughness.uasset" 329
"../../../Engine/Plugins/Interchange/Runtime/Content/gltf/MaterialFunctions/MF_SpecGlossToMetalRoughness.uexp" 330
"../../../Engine/Plugins/Interchange/Runtime/Content/gltf/M_Transmission.uasset" 331
"../../../Engine/Plugins/Interchange/Runtime/Content/gltf/M_Transmission.uexp" 332
"../../../Engine/Plugins/Interchange/Runtime/Content/gltf/MaterialInstances_SG/MI_Transmission_TS.uasset" 333
"../../../Engine/Plugins/Interchange/Runtime/Content/gltf/MaterialInstances_SG/MI_Transmission_TS.uexp" 334
"../../../Engine/Plugins/Interchange/Runtime/Content/gltf/MaterialInstances_SG/MI_Transmission.uasset" 335
"../../../Engine/Plugins/Interchange/Runtime/Content/gltf/MaterialInstances_SG/MI_Transmission.uexp" 336
"../../../Engine/Plugins/Interchange/Runtime/Content/gltf/MaterialFunctions/MF_Clearcoat.uasset" 337
"../../../Engine/Plugins/Interchange/Runtime/Content/gltf/MaterialFunctions/MF_Clearcoat.uexp" 338
"../../../Engine/Plugins/Interchange/Runtime/Content/gltf/MaterialFunctions/MF_Emissive.uasset" 339
"../../../Engine/Plugins/Interchange/Runtime/Content/gltf/MaterialFunctions/MF_Emissive.uexp" 340
"../../../Engine/Plugins/Interchange/Runtime/Content/gltf/M_Translucent.uasset" 341
"../../../Engine/Plugins/Interchange/Runtime/Content/gltf/M_Translucent.uexp" 342
"../../../Engine/Plugins/Interchange/Runtime/Content/gltf/MaterialInstances_SG/MI_Translucent_TS.uasset" 343
"../../../Engine/Plugins/Interchange/Runtime/Content/gltf/MaterialInstances_SG/MI_Translucent_TS.uexp" 344
"../../../Engine/Plugins/Interchange/Runtime/Content/gltf/MaterialInstances_SG/MI_Translucent_ClearCoat_TS.uasset" 345
"../../../Engine/Plugins/Interchange/Runtime/Content/gltf/MaterialInstances_SG/MI_Translucent_ClearCoat_TS.uexp" 346
"../../../Engine/Plugins/Interchange/Runtime/Content/gltf/MaterialInstances_SG/MI_Translucent_ClearCoat.uasset" 347
"../../../Engine/Plugins/Interchange/Runtime/Content/gltf/MaterialInstances_SG/MI_Translucent_ClearCoat.uexp" 348
"../../../Engine/Plugins/Interchange/Runtime/Content/gltf/MaterialInstances_SG/MI_Translucent.uasset" 349
"../../../Engine/Plugins/Interchange/Runtime/Content/gltf/MaterialInstances_SG/MI_Translucent.uexp" 350
"../../../Engine/Plugins/Interchange/Runtime/Content/gltf/M_Opaque.uasset" 351
"../../../Engine/Plugins/Interchange/Runtime/Content/gltf/M_Opaque.uexp" 352
"../../../Engine/Plugins/Interchange/Runtime/Content/gltf/MaterialInstances_SG/MI_Opaque_TS.uasset" 353
"../../../Engine/Plugins/Interchange/Runtime/Content/gltf/MaterialInstances_SG/MI_Opaque_TS.uexp" 354
"../../../Engine/Plugins/Interchange/Runtime/Content/gltf/MaterialFunctions/MF_Sheen.uasset" 355
"../../../Engine/Plugins/Interchange/Runtime/Content/gltf/MaterialFunctions/MF_Sheen.uexp" 356
"../../../Engine/Content/Functions/Engine_MaterialFunctions01/Shading/FuzzyShading.uasset" 357
"../../../Engine/Content/Functions/Engine_MaterialFunctions01/Shading/FuzzyShading.uexp" 358
"../../../Engine/Plugins/Interchange/Runtime/Content/gltf/M_Sheen.uasset" 359
"../../../Engine/Plugins/Interchange/Runtime/Content/gltf/M_Sheen.uexp" 360
"../../../Engine/Plugins/Interchange/Runtime/Content/gltf/MaterialInstances_SG/MI_Opaque_Sheen_TS.uasset" 361
"../../../Engine/Plugins/Interchange/Runtime/Content/gltf/MaterialInstances_SG/MI_Opaque_Sheen_TS.uexp" 362
"../../../Engine/Plugins/Interchange/Runtime/Content/gltf/MaterialInstances_SG/MI_Opaque_Sheen.uasset" 363
"../../../Engine/Plugins/Interchange/Runtime/Content/gltf/MaterialInstances_SG/MI_Opaque_Sheen.uexp" 364
"../../../Engine/Plugins/Interchange/Runtime/Content/gltf/MaterialInstances_SG/MI_Opaque_ClearCoat_TS.uasset" 365
"../../../Engine/Plugins/Interchange/Runtime/Content/gltf/MaterialInstances_SG/MI_Opaque_ClearCoat_TS.uexp" 366
"../../../Engine/Plugins/Interchange/Runtime/Content/gltf/MaterialInstances_SG/MI_Opaque_ClearCoat.uasset" 367
"../../../Engine/Plugins/Interchange/Runtime/Content/gltf/MaterialInstances_SG/MI_Opaque_ClearCoat.uexp" 368
"../../../Engine/Plugins/Interchange/Runtime/Content/gltf/MaterialInstances_SG/MI_Opaque.uasset" 369
"../../../Engine/Plugins/Interchange/Runtime/Content/gltf/MaterialInstances_SG/MI_Opaque.uexp" 370
"../../../Engine/Plugins/Interchange/Runtime/Content/gltf/MaterialInstances_MR/MI_Transmission_TS.uasset" 371
"../../../Engine/Plugins/Interchange/Runtime/Content/gltf/MaterialInstances_MR/MI_Transmission_TS.uexp" 372
"../../../Engine/Plugins/Interchange/Runtime/Content/gltf/MaterialInstances_MR/MI_Transmission.uasset" 373
"../../../Engine/Plugins/Interchange/Runtime/Content/gltf/MaterialInstances_MR/MI_Transmission.uexp" 374
"../../../Engine/Plugins/Interchange/Runtime/Content/gltf/MaterialInstances_MR/MI_Translucent_TS.uasset" 375
"../../../Engine/Plugins/Interchange/Runtime/Content/gltf/MaterialInstances_MR/MI_Translucent_TS.uexp" 376
"../../../Engine/Plugins/Interchange/Runtime/Content/gltf/MaterialInstances_MR/MI_Translucent_ClearCoat_TS.uasset" 377
"../../../Engine/Plugins/Interchange/Runtime/Content/gltf/MaterialInstances_MR/MI_Translucent_ClearCoat_TS.uexp" 378
"../../../Engine/Plugins/Interchange/Runtime/Content/gltf/MaterialInstances_MR/MI_Translucent_ClearCoat.uasset" 379
"../../../Engine/Plugins/Interchange/Runtime/Content/gltf/MaterialInstances_MR/MI_Translucent_ClearCoat.uexp" 380
"../../../Engine/Plugins/Interchange/Runtime/Content/gltf/MaterialInstances_MR/MI_Translucent.uasset" 381
"../../../Engine/Plugins/Interchange/Runtime/Content/gltf/MaterialInstances_MR/MI_Translucent.uexp" 382
"../../../Engine/Plugins/Interchange/Runtime/Content/gltf/M_Unlit.uasset" 383
"../../../Engine/Plugins/Interchange/Runtime/Content/gltf/M_Unlit.uexp" 384
"../../../Engine/Plugins/Interchange/Runtime/Content/gltf/MaterialInstances_MR/MI_Opaque_Unlit_TS.uasset" 385
"../../../Engine/Plugins/Interchange/Runtime/Content/gltf/MaterialInstances_MR/MI_Opaque_Unlit_TS.uexp" 386
"../../../Engine/Plugins/Interchange/Runtime/Content/gltf/MaterialInstances_MR/MI_Opaque_Unlit.uasset" 387
"../../../Engine/Plugins/Interchange/Runtime/Content/gltf/MaterialInstances_MR/MI_Opaque_Unlit.uexp" 388
"../../../Engine/Plugins/Interchange/Runtime/Content/gltf/MaterialInstances_MR/MI_Opaque_TS.uasset" 389
"../../../Engine/Plugins/Interchange/Runtime/Content/gltf/MaterialInstances_MR/MI_Opaque_TS.uexp" 390
"../../../Engine/Plugins/Interchange/Runtime/Content/gltf/MaterialInstances_MR/MI_Opaque_Sheen_TS.uasset" 391
"../../../Engine/Plugins/Interchange/Runtime/Content/gltf/MaterialInstances_MR/MI_Opaque_Sheen_TS.uexp" 392
"../../../Engine/Plugins/Interchange/Runtime/Content/gltf/MaterialInstances_MR/MI_Opaque_Sheen.uasset" 393
"../../../Engine/Plugins/Interchange/Runtime/Content/gltf/MaterialInstances_MR/MI_Opaque_Sheen.uexp" 394
"../../../Engine/Plugins/Interchange/Runtime/Content/gltf/MaterialInstances_MR/MI_Opaque_ClearCoat_TS.uasset" 395
"../../../Engine/Plugins/Interchange/Runtime/Content/gltf/MaterialInstances_MR/MI_Opaque_ClearCoat_TS.uexp" 396
"../../../Engine/Plugins/Interchange/Runtime/Content/gltf/MaterialInstances_MR/MI_Opaque_ClearCoat.uasset" 397
"../../../Engine/Plugins/Interchange/Runtime/Content/gltf/MaterialInstances_MR/MI_Opaque_ClearCoat.uexp" 398
"../../../Engine/Plugins/Interchange/Runtime/Content/gltf/MaterialInstances_MR/MI_Opaque.uasset" 399
"../../../Engine/Plugins/Interchange/Runtime/Content/gltf/MaterialInstances_MR/MI_Opaque.uexp" 400
"../../../Engine/Content/Functions/Engine_MaterialFunctions02/Utility/VectorLength.uasset" 401
"../../../Engine/Content/Functions/Engine_MaterialFunctions02/Utility/VectorLength.uexp" 402
"../../../Engine/Content/Functions/Engine_MaterialFunctions02/WorldPositionOffset/V2/ObjectScale.uasset" 403
"../../../Engine/Content/Functions/Engine_MaterialFunctions02/WorldPositionOffset/V2/ObjectScale.uexp" 404
"../../../Engine/Content/Functions/Engine_MaterialFunctions02/ObjectLocalBounds.uasset" 405
"../../../Engine/Content/Functions/Engine_MaterialFunctions02/ObjectLocalBounds.uexp" 406
"../../../Engine/Plugins/Interchange/Runtime/Content/gltf/MaterialFunctions/MF_TransmissionOpacity.uasset" 407
"../../../Engine/Plugins/Interchange/Runtime/Content/gltf/MaterialFunctions/MF_TransmissionOpacity.uexp" 408
"../../../Engine/Plugins/Interchange/Runtime/Content/Functions/MX_Transmission.uasset" 409
"../../../Engine/Plugins/Interchange/Runtime/Content/Functions/MX_Transmission.uexp" 410
"../../../Engine/Plugins/Interchange/Runtime/Content/Functions/MX_StandardSurface.uasset" 411
"../../../Engine/Plugins/Interchange/Runtime/Content/Functions/MX_StandardSurface.uexp" 412
"../../../Engine/Plugins/Interchange/Runtime/Content/Functions/MX_TransmissionSurface.uasset" 413
"../../../Engine/Plugins/Interchange/Runtime/Content/Functions/MX_TransmissionSurface.uexp" 414
"../../../Engine/Plugins/Experimental/CommonUI/Content/DefaultMediaTexture.uasset" 415
"../../../Engine/Plugins/Experimental/CommonUI/Content/DefaultMediaTexture.uexp" 416
"../../../Engine/Plugins/Experimental/CommonUI/Content/VideoPlayerMaterial.uasset" 417
"../../../Engine/Plugins/Experimental/CommonUI/Content/VideoPlayerMaterial.uexp" 418
"../../../Engine/Plugins/Experimental/ColorCorrectRegions/Content/Materials/M_ColorCorrectRegionTransparentPreview.uasset" 419
"../../../Engine/Plugins/Experimental/ColorCorrectRegions/Content/Materials/M_ColorCorrectRegionTransparentPreview.uexp" 420
"../../../Engine/Plugins/Editor/SpeedTreeImporter/Content/SpeedTree9/game_wind_noise.ubulk" 421
"../../../Engine/Plugins/Editor/SpeedTreeImporter/Content/SpeedTree9/game_wind_noise.uasset" 422
"../../../Engine/Plugins/Editor/SpeedTreeImporter/Content/SpeedTree9/game_wind_noise.uexp" 423
"../../../Engine/Plugins/Editor/SpeedTreeImporter/Content/SpeedTree9/UnpackDirection.uasset" 424
"../../../Engine/Plugins/Editor/SpeedTreeImporter/Content/SpeedTree9/UnpackDirection.uexp" 425
"../../../Engine/Content/Functions/Engine_MaterialFunctions02/UVs/BoundingBoxBased_0-1_UVW.uasset" 426
"../../../Engine/Content/Functions/Engine_MaterialFunctions02/UVs/BoundingBoxBased_0-1_UVW.uexp" 427
"../../../Engine/Plugins/Editor/SpeedTreeImporter/Content/SpeedTree9/UnpackInteger3.uasset" 428
"../../../Engine/Plugins/Editor/SpeedTreeImporter/Content/SpeedTree9/UnpackInteger3.uexp" 429
"../../../Engine/Plugins/Editor/SpeedTreeImporter/Content/SpeedTree9/SpeedTreeCameraFacing.uasset" 430
"../../../Engine/Plugins/Editor/SpeedTreeImporter/Content/SpeedTree9/SpeedTreeCameraFacing.uexp" 431
"../../../Engine/Content/Functions/Engine_MaterialFunctions02/WorldPositionOffset/ObjectScale.uasset" 432
"../../../Engine/Content/Functions/Engine_MaterialFunctions02/WorldPositionOffset/ObjectScale.uexp" 433
"../../../Engine/Content/Functions/Engine_MaterialFunctions02/SafeNormalize.uasset" 434
"../../../Engine/Content/Functions/Engine_MaterialFunctions02/SafeNormalize.uexp" 435
"../../../Engine/Plugins/Editor/SpeedTreeImporter/Content/SpeedTree9/SpeedTreeWindMotion.uasset" 436
"../../../Engine/Plugins/Editor/SpeedTreeImporter/Content/SpeedTree9/SpeedTreeWindMotion.uexp" 437
"../../../Engine/Plugins/Editor/SpeedTreeImporter/Content/SpeedTree9/SpeedTreeBranchMotion.uasset" 438
"../../../Engine/Plugins/Editor/SpeedTreeImporter/Content/SpeedTree9/SpeedTreeBranchMotion.uexp" 439
"../../../Engine/Plugins/Editor/SpeedTreeImporter/Content/SpeedTree9/SpeedTreeWind.uasset" 440
"../../../Engine/Plugins/Editor/SpeedTreeImporter/Content/SpeedTree9/SpeedTreeWind.uexp" 441
"../../../Engine/Plugins/Editor/SpeedTreeImporter/Content/SpeedTree9/EmptyNormal.uasset" 442
"../../../Engine/Plugins/Editor/SpeedTreeImporter/Content/SpeedTree9/EmptyNormal.uexp" 443
"../../../Engine/Plugins/Editor/SpeedTreeImporter/Content/SpeedTree9/Empty.uasset" 444
"../../../Engine/Plugins/Editor/SpeedTreeImporter/Content/SpeedTree9/Empty.uexp" 445
"../../../Engine/Plugins/Editor/SpeedTreeImporter/Content/SpeedTree9/SpeedTreeMaster.uasset" 446
"../../../Engine/Plugins/Editor/SpeedTreeImporter/Content/SpeedTree9/SpeedTreeMaster.uexp" 447
"../../../Engine/Plugins/Editor/SpeedTreeImporter/Content/SpeedTree9/SpeedTreeBillboard.uasset" 448
"../../../Engine/Plugins/Editor/SpeedTreeImporter/Content/SpeedTree9/SpeedTreeBillboard.uexp" 449
"../../../Engine/Plugins/Editor/SpeedTreeImporter/Content/SpeedTree9/SpeedTreeBillboardMaster.uasset" 450
"../../../Engine/Plugins/Editor/SpeedTreeImporter/Content/SpeedTree9/SpeedTreeBillboardMaster.uexp" 451
"../../../Engine/Plugins/Animation/ControlRig/Content/M_Manip.uasset" 452
"../../../Engine/Plugins/Animation/ControlRig/Content/M_Manip.uexp" 453
"../../../Engine/Plugins/Animation/ControlRig/Content/Controls/DefaultGizmoLibraryNormalized.uasset" 454
"../../../Engine/Plugins/Animation/ControlRig/Content/Controls/DefaultGizmoLibraryNormalized.uexp" 455
"../../../Engine/Plugins/Animation/ControlRig/Content/Controls/ControlRig_Wedge_solid.uasset" 456
"../../../Engine/Plugins/Animation/ControlRig/Content/Controls/ControlRig_Wedge_solid.uexp" 457
"../../../Engine/Plugins/Animation/ControlRig/Content/Controls/ControlRig_Wedge_3mm.uasset" 458
"../../../Engine/Plugins/Animation/ControlRig/Content/Controls/ControlRig_Wedge_3mm.uexp" 459
"../../../Engine/Plugins/Animation/ControlRig/Content/Controls/ControlRig_Wedge_1mm.uasset" 460
"../../../Engine/Plugins/Animation/ControlRig/Content/Controls/ControlRig_Wedge_1mm.uexp" 461
"../../../Engine/Plugins/Animation/ControlRig/Content/Controls/ControlRig_Triangle_solid.uasset" 462
"../../../Engine/Plugins/Animation/ControlRig/Content/Controls/ControlRig_Triangle_solid.uexp" 463
"../../../Engine/Plugins/Animation/ControlRig/Content/Controls/ControlRig_Triangle_3mm.uasset" 464
"../../../Engine/Plugins/Animation/ControlRig/Content/Controls/ControlRig_Triangle_3mm.uexp" 465
"../../../Engine/Plugins/Animation/ControlRig/Content/Controls/ControlRig_Triangle_1mm.uasset" 466
"../../../Engine/Plugins/Animation/ControlRig/Content/Controls/ControlRig_Triangle_1mm.uexp" 467
"../../../Engine/Plugins/Animation/ControlRig/Content/Controls/ControlRig_Star4_solid.uasset" 468
"../../../Engine/Plugins/Animation/ControlRig/Content/Controls/ControlRig_Star4_solid.uexp" 469
"../../../Engine/Plugins/Animation/ControlRig/Content/Controls/ControlRig_Star4_3mm.uasset" 470
"../../../Engine/Plugins/Animation/ControlRig/Content/Controls/ControlRig_Star4_3mm.uexp" 471
"../../../Engine/Plugins/Animation/ControlRig/Content/Controls/ControlRig_Star4_1mm.uasset" 472
"../../../Engine/Plugins/Animation/ControlRig/Content/Controls/ControlRig_Star4_1mm.uexp" 473
"../../../Engine/Plugins/Animation/ControlRig/Content/Controls/ControlRig_Square_solid.uasset" 474
"../../../Engine/Plugins/Animation/ControlRig/Content/Controls/ControlRig_Square_solid.uexp" 475
"../../../Engine/Plugins/Animation/ControlRig/Content/Controls/ControlRig_Square_3mm.uasset" 476
"../../../Engine/Plugins/Animation/ControlRig/Content/Controls/ControlRig_Square_3mm.uexp" 477
"../../../Engine/Plugins/Animation/ControlRig/Content/Controls/ControlRig_Square_1mm.uasset" 478
"../../../Engine/Plugins/Animation/ControlRig/Content/Controls/ControlRig_Square_1mm.uexp" 479
"../../../Engine/Plugins/Animation/ControlRig/Content/Controls/ControlRig_Sphere_solid.uasset" 480
"../../../Engine/Plugins/Animation/ControlRig/Content/Controls/ControlRig_Sphere_solid.uexp" 481
"../../../Engine/Plugins/Animation/ControlRig/Content/Controls/ControlRig_Sphere_3mm.uasset" 482
"../../../Engine/Plugins/Animation/ControlRig/Content/Controls/ControlRig_Sphere_3mm.uexp" 483
"../../../Engine/Plugins/Animation/ControlRig/Content/Controls/ControlRig_Sphere_1mm.uasset" 484
"../../../Engine/Plugins/Animation/ControlRig/Content/Controls/ControlRig_Sphere_1mm.uexp" 485
"../../../Engine/Plugins/Animation/ControlRig/Content/Controls/ControlRig_RoundedTriangle_solid.uasset" 486
"../../../Engine/Plugins/Animation/ControlRig/Content/Controls/ControlRig_RoundedTriangle_solid.uexp" 487
"../../../Engine/Plugins/Animation/ControlRig/Content/Controls/ControlRig_RoundedTriangle_3mm.uasset" 488
"../../../Engine/Plugins/Animation/ControlRig/Content/Controls/ControlRig_RoundedTriangle_3mm.uexp" 489
"../../../Engine/Plugins/Animation/ControlRig/Content/Controls/ControlRig_RoundedTriangle_1mm.uasset" 490
"../../../Engine/Plugins/Animation/ControlRig/Content/Controls/ControlRig_RoundedTriangle_1mm.uexp" 491
"../../../Engine/Plugins/Animation/ControlRig/Content/Controls/ControlRig_RoundedSquare_solid.uasset" 492
"../../../Engine/Plugins/Animation/ControlRig/Content/Controls/ControlRig_RoundedSquare_solid.uexp" 493
"../../../Engine/Plugins/Animation/ControlRig/Content/Controls/ControlRig_RoundedSquare_3mm.uasset" 494
"../../../Engine/Plugins/Animation/ControlRig/Content/Controls/ControlRig_RoundedSquare_3mm.uexp" 495
"../../../Engine/Plugins/Animation/ControlRig/Content/Controls/ControlRig_RoundedSquare_1mm.uasset" 496
"../../../Engine/Plugins/Animation/ControlRig/Content/Controls/ControlRig_RoundedSquare_1mm.uexp" 497
"../../../Engine/Plugins/Animation/ControlRig/Content/Controls/ControlRig_QuarterCircle_solid.uasset" 498
"../../../Engine/Plugins/Animation/ControlRig/Content/Controls/ControlRig_QuarterCircle_solid.uexp" 499
"../../../Engine/Plugins/Animation/ControlRig/Content/Controls/ControlRig_QuarterCircle_3mm.uasset" 500
"../../../Engine/Plugins/Animation/ControlRig/Content/Controls/ControlRig_QuarterCircle_3mm.uexp" 501
"../../../Engine/Plugins/Animation/ControlRig/Content/Controls/ControlRig_QuarterCircle_1mm.uasset" 502
"../../../Engine/Plugins/Animation/ControlRig/Content/Controls/ControlRig_QuarterCircle_1mm.uexp" 503
"../../../Engine/Plugins/Animation/ControlRig/Content/Controls/ControlRig_Pyramid_solid.uasset" 504
"../../../Engine/Plugins/Animation/ControlRig/Content/Controls/ControlRig_Pyramid_solid.uexp" 505
"../../../Engine/Plugins/Animation/ControlRig/Content/Controls/ControlRig_Pyramid_3mm.uasset" 506
"../../../Engine/Plugins/Animation/ControlRig/Content/Controls/ControlRig_Pyramid_3mm.uexp" 507
"../../../Engine/Plugins/Animation/ControlRig/Content/Controls/ControlRig_Pyramid_1mm.uasset" 508
"../../../Engine/Plugins/Animation/ControlRig/Content/Controls/ControlRig_Pyramid_1mm.uexp" 509
"../../../Engine/Plugins/Animation/ControlRig/Content/Controls/ControlRig_Octagon_solid.uasset" 510
"../../../Engine/Plugins/Animation/ControlRig/Content/Controls/ControlRig_Octagon_solid.uexp" 511
"../../../Engine/Plugins/Animation/ControlRig/Content/Controls/ControlRig_Octagon_3mm.uasset" 512
"../../../Engine/Plugins/Animation/ControlRig/Content/Controls/ControlRig_Octagon_3mm.uexp" 513
"../../../Engine/Plugins/Animation/ControlRig/Content/Controls/ControlRig_Octagon_1mm.uasset" 514
"../../../Engine/Plugins/Animation/ControlRig/Content/Controls/ControlRig_Octagon_1mm.uexp" 515
"../../../Engine/Plugins/Animation/ControlRig/Content/Controls/ControlRig_Hexagon_solid.uasset" 516
"../../../Engine/Plugins/Animation/ControlRig/Content/Controls/ControlRig_Hexagon_solid.uexp" 517
"../../../Engine/Plugins/Animation/ControlRig/Content/Controls/ControlRig_Hexagon_3mm.uasset" 518
"../../../Engine/Plugins/Animation/ControlRig/Content/Controls/ControlRig_Hexagon_3mm.uexp" 519
"../../../Engine/Plugins/Animation/ControlRig/Content/Controls/ControlRig_Hexagon_1mm.uasset" 520
"../../../Engine/Plugins/Animation/ControlRig/Content/Controls/ControlRig_Hexagon_1mm.uexp" 521
"../../../Engine/Plugins/Animation/ControlRig/Content/Controls/ControlRig_HalfCircle_solid.uasset" 522
"../../../Engine/Plugins/Animation/ControlRig/Content/Controls/ControlRig_HalfCircle_solid.uexp" 523
"../../../Engine/Plugins/Animation/ControlRig/Content/Controls/ControlRig_HalfCircle_3mm.uasset" 524
"../../../Engine/Plugins/Animation/ControlRig/Content/Controls/ControlRig_HalfCircle_3mm.uexp" 525
"../../../Engine/Plugins/Animation/ControlRig/Content/Controls/ControlRig_HalfCircle_1mm.uasset" 526
"../../../Engine/Plugins/Animation/ControlRig/Content/Controls/ControlRig_HalfCircle_1mm.uexp" 527
"../../../Engine/Plugins/Animation/ControlRig/Content/Controls/ControlRig_Diamond_solid.uasset" 528
"../../../Engine/Plugins/Animation/ControlRig/Content/Controls/ControlRig_Diamond_solid.uexp" 529
"../../../Engine/Plugins/Animation/ControlRig/Content/Controls/ControlRig_Diamond_3mm.uasset" 530
"../../../Engine/Plugins/Animation/ControlRig/Content/Controls/ControlRig_Diamond_3mm.uexp" 531
"../../../Engine/Plugins/Animation/ControlRig/Content/Controls/ControlRig_Diamond_1mm.uasset" 532
"../../../Engine/Plugins/Animation/ControlRig/Content/Controls/ControlRig_Diamond_1mm.uexp" 533
"../../../Engine/Plugins/Animation/ControlRig/Content/Controls/ControlRig_Circle_solid.uasset" 534
"../../../Engine/Plugins/Animation/ControlRig/Content/Controls/ControlRig_Circle_solid.uexp" 535
"../../../Engine/Plugins/Animation/ControlRig/Content/Controls/ControlRig_Circle_3mm.uasset" 536
"../../../Engine/Plugins/Animation/ControlRig/Content/Controls/ControlRig_Circle_3mm.uexp" 537
"../../../Engine/Plugins/Animation/ControlRig/Content/Controls/ControlRig_Circle_1mm.uasset" 538
"../../../Engine/Plugins/Animation/ControlRig/Content/Controls/ControlRig_Circle_1mm.uexp" 539
"../../../Engine/Plugins/Animation/ControlRig/Content/Controls/ControlRig_Box_solid.uasset" 540
"../../../Engine/Plugins/Animation/ControlRig/Content/Controls/ControlRig_Box_solid.uexp" 541
"../../../Engine/Plugins/Animation/ControlRig/Content/Controls/ControlRig_Box_3mm.uasset" 542
"../../../Engine/Plugins/Animation/ControlRig/Content/Controls/ControlRig_Box_3mm.uexp" 543
"../../../Engine/Plugins/Animation/ControlRig/Content/Controls/ControlRig_Box_1mm.uasset" 544
"../../../Engine/Plugins/Animation/ControlRig/Content/Controls/ControlRig_Box_1mm.uexp" 545
"../../../Engine/Plugins/Animation/ControlRig/Content/Controls/ControlRig_Arrow_solid.uasset" 546
"../../../Engine/Plugins/Animation/ControlRig/Content/Controls/ControlRig_Arrow_solid.uexp" 547
"../../../Engine/Plugins/Animation/ControlRig/Content/Controls/ControlRig_Arrow_3mm.uasset" 548
"../../../Engine/Plugins/Animation/ControlRig/Content/Controls/ControlRig_Arrow_3mm.uexp" 549
"../../../Engine/Plugins/Animation/ControlRig/Content/Controls/ControlRig_Arrow_1mm.uasset" 550
"../../../Engine/Plugins/Animation/ControlRig/Content/Controls/ControlRig_Arrow_1mm.uexp" 551
"../../../Engine/Plugins/Animation/ControlRig/Content/Controls/ControlRig_Arrow4_solid.uasset" 552
"../../../Engine/Plugins/Animation/ControlRig/Content/Controls/ControlRig_Arrow4_solid.uexp" 553
"../../../Engine/Plugins/Animation/ControlRig/Content/Controls/ControlRig_Arrow4_3mm.uasset" 554
"../../../Engine/Plugins/Animation/ControlRig/Content/Controls/ControlRig_Arrow4_3mm.uexp" 555
"../../../Engine/Plugins/Animation/ControlRig/Content/Controls/ControlRig_Arrow4_1mm.uasset" 556
"../../../Engine/Plugins/Animation/ControlRig/Content/Controls/ControlRig_Arrow4_1mm.uexp" 557
"../../../Engine/Plugins/Animation/ControlRig/Content/Controls/ControlRig_Arrow2_solid.uasset" 558
"../../../Engine/Plugins/Animation/ControlRig/Content/Controls/ControlRig_Arrow2_solid.uexp" 559
"../../../Engine/Plugins/Animation/ControlRig/Content/Controls/ControlRig_Arrow2_3mm.uasset" 560
"../../../Engine/Plugins/Animation/ControlRig/Content/Controls/ControlRig_Arrow2_3mm.uexp" 561
"../../../Engine/Plugins/Animation/ControlRig/Content/Controls/ControlRig_Arrow2_1mm.uasset" 562
"../../../Engine/Plugins/Animation/ControlRig/Content/Controls/ControlRig_Arrow2_1mm.uexp" 563
"../../../Engine/Plugins/Animation/ControlRig/Content/Controls/ControlRigXRayMaterial.uasset" 564
"../../../Engine/Plugins/Animation/ControlRig/Content/Controls/ControlRigXRayMaterial.uexp" 565
"../../../Engine/Plugins/Animation/ControlRig/Content/Controls/ControlRigGizmoMaterial.uasset" 566
"../../../Engine/Plugins/Animation/ControlRig/Content/Controls/ControlRigGizmoMaterial.uexp" 567
"../../../Engine/Plugins/2D/Paper2D/Content/PlaceholderTextures/DummySpriteTexture.ubulk" 568
"../../../Engine/Plugins/2D/Paper2D/Content/PlaceholderTextures/DummySpriteTexture.uasset" 569
"../../../Engine/Plugins/2D/Paper2D/Content/PlaceholderTextures/DummySpriteTexture.uexp" 570
"../../../Engine/Plugins/2D/Paper2D/Content/DefaultSpriteMaterial.uasset" 571
"../../../Engine/Plugins/2D/Paper2D/Content/DefaultSpriteMaterial.uexp" 572
"../../../Engine/Plugins/2D/Paper2D/Content/OpaqueUnlitSpriteMaterial.uasset" 573
"../../../Engine/Plugins/2D/Paper2D/Content/OpaqueUnlitSpriteMaterial.uexp" 574
"../../../Engine/Plugins/2D/Paper2D/Content/MaskedUnlitSpriteMaterial.uasset" 575
"../../../Engine/Plugins/2D/Paper2D/Content/MaskedUnlitSpriteMaterial.uexp" 576
"../../../Engine/Plugins/2D/Paper2D/Content/DummySprite.uasset" 577
"../../../Engine/Plugins/2D/Paper2D/Content/DummySprite.uexp" 578
"../../../Engine/Plugins/2D/Paper2D/Content/DefaultPaperTerrainMaterial.uasset" 579
"../../../Engine/Plugins/2D/Paper2D/Content/DefaultPaperTerrainMaterial.uexp" 580
"../../../Engine/Content/Maps/Entry_BuiltData.uasset" 581
"../../../Engine/Content/Maps/Entry_BuiltData.uexp" 582
"../../../Engine/Content/Maps/Entry.uexp" 583
"../../../Engine/Content/Maps/Entry.umap" 584
"C:/Users/ulvin/OneDrive/Belgeler/Unreal Projects/Budget-Backrooms-0.0.3-alpha/Content/Fresh_Materials/Office_Ceiling/OfficeCeiling001_4K_Metalness.ubulk" 585
"C:/Users/ulvin/OneDrive/Belgeler/Unreal Projects/Budget-Backrooms-0.0.3-alpha/Content/Fresh_Materials/Office_Ceiling/OfficeCeiling001_4K_Metalness.uasset" 586
"C:/Users/ulvin/OneDrive/Belgeler/Unreal Projects/Budget-Backrooms-0.0.3-alpha/Content/Fresh_Materials/Office_Ceiling/OfficeCeiling001_4K_Metalness.uexp" 587
"C:/Users/ulvin/OneDrive/Belgeler/Unreal Projects/Budget-Backrooms-0.0.3-alpha/Content/Fresh_Materials/Office_Ceiling/OfficeCeiling001_4K_Color.ubulk" 588
"C:/Users/ulvin/OneDrive/Belgeler/Unreal Projects/Budget-Backrooms-0.0.3-alpha/Content/Fresh_Materials/Office_Ceiling/OfficeCeiling001_4K_Color.uasset" 589
"C:/Users/ulvin/OneDrive/Belgeler/Unreal Projects/Budget-Backrooms-0.0.3-alpha/Content/Fresh_Materials/Office_Ceiling/OfficeCeiling001_4K_Color.uexp" 590
"C:/Users/ulvin/OneDrive/Belgeler/Unreal Projects/Budget-Backrooms-0.0.3-alpha/Content/Fresh_Materials/Office_Ceiling/OfficeCeiling001_4K_AmbientOcclusion.ubulk" 591
"C:/Users/ulvin/OneDrive/Belgeler/Unreal Projects/Budget-Backrooms-0.0.3-alpha/Content/Fresh_Materials/Office_Ceiling/OfficeCeiling001_4K_AmbientOcclusion.uasset" 592
"C:/Users/ulvin/OneDrive/Belgeler/Unreal Projects/Budget-Backrooms-0.0.3-alpha/Content/Fresh_Materials/Office_Ceiling/OfficeCeiling001_4K_AmbientOcclusion.uexp" 593
"C:/Users/ulvin/OneDrive/Belgeler/Unreal Projects/Budget-Backrooms-0.0.3-alpha/Content/Fresh_Materials/Office_Ceiling/OfficeCeiling001_4K_Displacement.ubulk" 594
"C:/Users/ulvin/OneDrive/Belgeler/Unreal Projects/Budget-Backrooms-0.0.3-alpha/Content/Fresh_Materials/Office_Ceiling/OfficeCeiling001_4K_Displacement.uasset" 595
"C:/Users/ulvin/OneDrive/Belgeler/Unreal Projects/Budget-Backrooms-0.0.3-alpha/Content/Fresh_Materials/Office_Ceiling/OfficeCeiling001_4K_Displacement.uexp" 596
"C:/Users/ulvin/OneDrive/Belgeler/Unreal Projects/Budget-Backrooms-0.0.3-alpha/Content/Fresh_Materials/Office_Ceiling/OfficeCeiling001_4K_Emission.ubulk" 597
"C:/Users/ulvin/OneDrive/Belgeler/Unreal Projects/Budget-Backrooms-0.0.3-alpha/Content/Fresh_Materials/Office_Ceiling/OfficeCeiling001_4K_Emission.uasset" 598
"C:/Users/ulvin/OneDrive/Belgeler/Unreal Projects/Budget-Backrooms-0.0.3-alpha/Content/Fresh_Materials/Office_Ceiling/OfficeCeiling001_4K_Emission.uexp" 599
"C:/Users/ulvin/OneDrive/Belgeler/Unreal Projects/Budget-Backrooms-0.0.3-alpha/Content/Fresh_Materials/Office_Ceiling/OfficeCeiling001_4K_Roughness.ubulk" 600
"C:/Users/ulvin/OneDrive/Belgeler/Unreal Projects/Budget-Backrooms-0.0.3-alpha/Content/Fresh_Materials/Office_Ceiling/OfficeCeiling001_4K_Roughness.uasset" 601
"C:/Users/ulvin/OneDrive/Belgeler/Unreal Projects/Budget-Backrooms-0.0.3-alpha/Content/Fresh_Materials/Office_Ceiling/OfficeCeiling001_4K_Roughness.uexp" 602
"C:/Users/ulvin/OneDrive/Belgeler/Unreal Projects/Budget-Backrooms-0.0.3-alpha/Content/Fresh_Materials/Office_Ceiling/OfficeCeiling001_4K_NormalDX.ubulk" 603
"C:/Users/ulvin/OneDrive/Belgeler/Unreal Projects/Budget-Backrooms-0.0.3-alpha/Content/Fresh_Materials/Office_Ceiling/OfficeCeiling001_4K_NormalDX.uasset" 604
"C:/Users/ulvin/OneDrive/Belgeler/Unreal Projects/Budget-Backrooms-0.0.3-alpha/Content/Fresh_Materials/Office_Ceiling/OfficeCeiling001_4K_NormalDX.uexp" 605
"C:/Users/ulvin/OneDrive/Belgeler/Unreal Projects/Budget-Backrooms-0.0.3-alpha/Content/Fresh_Materials/Office_Ceiling/Office_Ceiling.uasset" 606
"C:/Users/ulvin/OneDrive/Belgeler/Unreal Projects/Budget-Backrooms-0.0.3-alpha/Content/Fresh_Materials/Office_Ceiling/Office_Ceiling.uexp" 607
"C:/Users/ulvin/OneDrive/Belgeler/Unreal Projects/Budget-Backrooms-0.0.3-alpha/Content/Fresh_Materials/Fabric/Fabric025_4K_Displacement.ubulk" 608
"C:/Users/ulvin/OneDrive/Belgeler/Unreal Projects/Budget-Backrooms-0.0.3-alpha/Content/Fresh_Materials/Fabric/Fabric025_4K_Displacement.uasset" 609
"C:/Users/ulvin/OneDrive/Belgeler/Unreal Projects/Budget-Backrooms-0.0.3-alpha/Content/Fresh_Materials/Fabric/Fabric025_4K_Displacement.uexp" 610
"C:/Users/ulvin/OneDrive/Belgeler/Unreal Projects/Budget-Backrooms-0.0.3-alpha/Content/Fresh_Materials/Fabric/Fabric025_4K_NormalDX.ubulk" 611
"C:/Users/ulvin/OneDrive/Belgeler/Unreal Projects/Budget-Backrooms-0.0.3-alpha/Content/Fresh_Materials/Fabric/Fabric025_4K_NormalDX.uasset" 612
"C:/Users/ulvin/OneDrive/Belgeler/Unreal Projects/Budget-Backrooms-0.0.3-alpha/Content/Fresh_Materials/Fabric/Fabric025_4K_NormalDX.uexp" 613
"C:/Users/ulvin/OneDrive/Belgeler/Unreal Projects/Budget-Backrooms-0.0.3-alpha/Content/Fresh_Materials/Fabric/Fabric025_4K_Roughness.ubulk" 614
"C:/Users/ulvin/OneDrive/Belgeler/Unreal Projects/Budget-Backrooms-0.0.3-alpha/Content/Fresh_Materials/Fabric/Fabric025_4K_Roughness.uasset" 615
"C:/Users/ulvin/OneDrive/Belgeler/Unreal Projects/Budget-Backrooms-0.0.3-alpha/Content/Fresh_Materials/Fabric/Fabric025_4K_Roughness.uexp" 616
"C:/Users/ulvin/OneDrive/Belgeler/Unreal Projects/Budget-Backrooms-0.0.3-alpha/Content/Fresh_Materials/Fabric/Fabric025_4K_Color.ubulk" 617
"C:/Users/ulvin/OneDrive/Belgeler/Unreal Projects/Budget-Backrooms-0.0.3-alpha/Content/Fresh_Materials/Fabric/Fabric025_4K_Color.uasset" 618
"C:/Users/ulvin/OneDrive/Belgeler/Unreal Projects/Budget-Backrooms-0.0.3-alpha/Content/Fresh_Materials/Fabric/Fabric025_4K_Color.uexp" 619
"C:/Users/ulvin/OneDrive/Belgeler/Unreal Projects/Budget-Backrooms-0.0.3-alpha/Content/Fresh_Materials/Fabric/Fabric.uasset" 620
"C:/Users/ulvin/OneDrive/Belgeler/Unreal Projects/Budget-Backrooms-0.0.3-alpha/Content/Fresh_Materials/Fabric/Fabric.uexp" 621
"C:/Users/ulvin/OneDrive/Belgeler/Unreal Projects/Budget-Backrooms-0.0.3-alpha/Content/floor_noclipped.uasset" 622
"C:/Users/ulvin/OneDrive/Belgeler/Unreal Projects/Budget-Backrooms-0.0.3-alpha/Content/floor_noclipped.uexp" 623
"C:/Users/ulvin/OneDrive/Belgeler/Unreal Projects/Budget-Backrooms-0.0.3-alpha/Content/Fresh_Materials/Paper_Walls/test3_roughness.ubulk" 624
"C:/Users/ulvin/OneDrive/Belgeler/Unreal Projects/Budget-Backrooms-0.0.3-alpha/Content/Fresh_Materials/Paper_Walls/test3_roughness.uasset" 625
"C:/Users/ulvin/OneDrive/Belgeler/Unreal Projects/Budget-Backrooms-0.0.3-alpha/Content/Fresh_Materials/Paper_Walls/test3_roughness.uexp" 626
"C:/Users/ulvin/OneDrive/Belgeler/Unreal Projects/Budget-Backrooms-0.0.3-alpha/Content/Fresh_Materials/Paper_Walls/test_3.ubulk" 627
"C:/Users/ulvin/OneDrive/Belgeler/Unreal Projects/Budget-Backrooms-0.0.3-alpha/Content/Fresh_Materials/Paper_Walls/test_3.uasset" 628
"C:/Users/ulvin/OneDrive/Belgeler/Unreal Projects/Budget-Backrooms-0.0.3-alpha/Content/Fresh_Materials/Paper_Walls/test_3.uexp" 629
"C:/Users/ulvin/OneDrive/Belgeler/Unreal Projects/Budget-Backrooms-0.0.3-alpha/Content/Fresh_Materials/Paper_Walls/test_3_Mat.uasset" 630
"C:/Users/ulvin/OneDrive/Belgeler/Unreal Projects/Budget-Backrooms-0.0.3-alpha/Content/Fresh_Materials/Paper_Walls/test_3_Mat.uexp" 631
"C:/Users/ulvin/OneDrive/Belgeler/Unreal Projects/Budget-Backrooms-0.0.3-alpha/Content/Fresh_Materials/Emissive/Emissive.uasset" 632
"C:/Users/ulvin/OneDrive/Belgeler/Unreal Projects/Budget-Backrooms-0.0.3-alpha/Content/Fresh_Materials/Emissive/Emissive.uexp" 633
"C:/Users/ulvin/OneDrive/Belgeler/Unreal Projects/Budget-Backrooms-0.0.3-alpha/Content/Fresh_Materials/Emissive/Emissive_Inst.uasset" 634
"C:/Users/ulvin/OneDrive/Belgeler/Unreal Projects/Budget-Backrooms-0.0.3-alpha/Content/Fresh_Materials/Emissive/Emissive_Inst.uexp" 635
"../../../Engine/Content/MapTemplates/SM_Template_Map_Floor.uasset" 636
"../../../Engine/Content/MapTemplates/SM_Template_Map_Floor.uexp" 637
"C:/Users/ulvin/OneDrive/Belgeler/Unreal Projects/Budget-Backrooms-0.0.3-alpha/Content/Widgets/W_LoadingScreen/twotone_hourglass_bottom_white_48dp.uasset" 638
"C:/Users/ulvin/OneDrive/Belgeler/Unreal Projects/Budget-Backrooms-0.0.3-alpha/Content/Widgets/W_LoadingScreen/twotone_hourglass_bottom_white_48dp.uexp" 639
"C:/Users/ulvin/OneDrive/Belgeler/Unreal Projects/Budget-Backrooms-0.0.3-alpha/Content/Megascans/Surfaces/Painted_Concrete_Wall_ulxedaag/Albedo_4K_ulxedaag.ubulk" 640
"C:/Users/ulvin/OneDrive/Belgeler/Unreal Projects/Budget-Backrooms-0.0.3-alpha/Content/Megascans/Surfaces/Painted_Concrete_Wall_ulxedaag/Albedo_4K_ulxedaag.uasset" 641
"C:/Users/ulvin/OneDrive/Belgeler/Unreal Projects/Budget-Backrooms-0.0.3-alpha/Content/Megascans/Surfaces/Painted_Concrete_Wall_ulxedaag/Albedo_4K_ulxedaag.uexp" 642
"C:/Users/ulvin/OneDrive/Belgeler/Unreal Projects/Budget-Backrooms-0.0.3-alpha/Content/Widgets/W_LoadingScreen/W_LoadingScreen.uasset" 643
"C:/Users/ulvin/OneDrive/Belgeler/Unreal Projects/Budget-Backrooms-0.0.3-alpha/Content/Widgets/W_LoadingScreen/W_LoadingScreen.uexp" 644
"C:/Users/ulvin/OneDrive/Belgeler/Unreal Projects/Budget-Backrooms-0.0.3-alpha/Content/Widgets/W_OptionsMenu/icons8-blur-96.uasset" 645
"C:/Users/ulvin/OneDrive/Belgeler/Unreal Projects/Budget-Backrooms-0.0.3-alpha/Content/Widgets/W_OptionsMenu/icons8-blur-96.uexp" 646
"C:/Users/ulvin/OneDrive/Belgeler/Unreal Projects/Budget-Backrooms-0.0.3-alpha/Content/Widgets/W_OptionsMenu/icons8-candy-cane-pattern-96.uasset" 647
"C:/Users/ulvin/OneDrive/Belgeler/Unreal Projects/Budget-Backrooms-0.0.3-alpha/Content/Widgets/W_OptionsMenu/icons8-candy-cane-pattern-96.uexp" 648
"C:/Users/ulvin/OneDrive/Belgeler/Unreal Projects/Budget-Backrooms-0.0.3-alpha/Content/Widgets/W_OptionsMenu/icons8-visual-effects-96.uasset" 649
"C:/Users/ulvin/OneDrive/Belgeler/Unreal Projects/Budget-Backrooms-0.0.3-alpha/Content/Widgets/W_OptionsMenu/icons8-visual-effects-96.uexp" 650
"C:/Users/ulvin/OneDrive/Belgeler/Unreal Projects/Budget-Backrooms-0.0.3-alpha/Content/Widgets/W_OptionsMenu/twotone_arrow_back_white_48dp.uasset" 651
"C:/Users/ulvin/OneDrive/Belgeler/Unreal Projects/Budget-Backrooms-0.0.3-alpha/Content/Widgets/W_OptionsMenu/twotone_arrow_back_white_48dp.uexp" 652
"C:/Users/ulvin/OneDrive/Belgeler/Unreal Projects/Budget-Backrooms-0.0.3-alpha/Content/Widgets/W_OptionsMenu/twotone_deblur_white_48dp.uasset" 653
"C:/Users/ulvin/OneDrive/Belgeler/Unreal Projects/Budget-Backrooms-0.0.3-alpha/Content/Widgets/W_OptionsMenu/twotone_deblur_white_48dp.uexp" 654
"C:/Users/ulvin/OneDrive/Belgeler/Unreal Projects/Budget-Backrooms-0.0.3-alpha/Content/aoodio/ui/click.ubulk" 655
"C:/Users/ulvin/OneDrive/Belgeler/Unreal Projects/Budget-Backrooms-0.0.3-alpha/Content/aoodio/ui/click.uasset" 656
"C:/Users/ulvin/OneDrive/Belgeler/Unreal Projects/Budget-Backrooms-0.0.3-alpha/Content/aoodio/ui/click.uexp" 657
"C:/Users/ulvin/OneDrive/Belgeler/Unreal Projects/Budget-Backrooms-0.0.3-alpha/Content/Widgets/W_OptionsMenu/animation-icon-two-tone.uasset" 658
"C:/Users/ulvin/OneDrive/Belgeler/Unreal Projects/Budget-Backrooms-0.0.3-alpha/Content/Widgets/W_OptionsMenu/animation-icon-two-tone.uexp" 659
"C:/Users/ulvin/OneDrive/Belgeler/Unreal Projects/Budget-Backrooms-0.0.3-alpha/Content/aoodio/ui/hover2.ubulk" 660
"C:/Users/ulvin/OneDrive/Belgeler/Unreal Projects/Budget-Backrooms-0.0.3-alpha/Content/aoodio/ui/hover2.uasset" 661
"C:/Users/ulvin/OneDrive/Belgeler/Unreal Projects/Budget-Backrooms-0.0.3-alpha/Content/aoodio/ui/hover2.uexp" 662
"C:/Users/ulvin/OneDrive/Belgeler/Unreal Projects/Budget-Backrooms-0.0.3-alpha/Content/Widgets/W_OptionsMenu/twotone_wb_shade_white_48dp.uasset" 663
"C:/Users/ulvin/OneDrive/Belgeler/Unreal Projects/Budget-Backrooms-0.0.3-alpha/Content/Widgets/W_OptionsMenu/twotone_wb_shade_white_48dp.uexp" 664
"C:/Users/ulvin/OneDrive/Belgeler/Unreal Projects/Budget-Backrooms-0.0.3-alpha/Content/Widgets/W_OptionsMenu/twotone_photo_size_select_large_white_48dp.uasset" 665
"C:/Users/ulvin/OneDrive/Belgeler/Unreal Projects/Budget-Backrooms-0.0.3-alpha/Content/Widgets/W_OptionsMenu/twotone_photo_size_select_large_white_48dp.uexp" 666
"C:/Users/ulvin/OneDrive/Belgeler/Unreal Projects/Budget-Backrooms-0.0.3-alpha/Content/Widgets/W_OptionsMenu/OptionsMenu.uasset" 667
"C:/Users/ulvin/OneDrive/Belgeler/Unreal Projects/Budget-Backrooms-0.0.3-alpha/Content/Widgets/W_OptionsMenu/OptionsMenu.uexp" 668
"C:/Users/ulvin/OneDrive/Belgeler/Unreal Projects/Budget-Backrooms-0.0.3-alpha/Content/Fonts/Rubik-SemiBold.uexp" 669
"C:/Users/ulvin/OneDrive/Belgeler/Unreal Projects/Budget-Backrooms-0.0.3-alpha/Content/Fonts/Rubik-SemiBold.uasset" 670
"C:/Users/ulvin/OneDrive/Belgeler/Unreal Projects/Budget-Backrooms-0.0.3-alpha/Content/Fonts/Rubik-SemiBold.ufont" 671
"C:/Users/ulvin/OneDrive/Belgeler/Unreal Projects/Budget-Backrooms-0.0.3-alpha/Content/Fonts/Rubik-SemiBold_Font.uasset" 672
"C:/Users/ulvin/OneDrive/Belgeler/Unreal Projects/Budget-Backrooms-0.0.3-alpha/Content/Fonts/Rubik-SemiBold_Font.uexp" 673
"C:/Users/ulvin/OneDrive/Belgeler/Unreal Projects/Budget-Backrooms-0.0.3-alpha/Content/Widgets/W_PauseMenu/twotone_video_settings_white_48dp.uasset" 674
"C:/Users/ulvin/OneDrive/Belgeler/Unreal Projects/Budget-Backrooms-0.0.3-alpha/Content/Widgets/W_PauseMenu/twotone_video_settings_white_48dp.uexp" 675
"C:/Users/ulvin/OneDrive/Belgeler/Unreal Projects/Budget-Backrooms-0.0.3-alpha/Content/Widgets/W_PauseMenu/twotone_logout_white_48dp.uasset" 676
"C:/Users/ulvin/OneDrive/Belgeler/Unreal Projects/Budget-Backrooms-0.0.3-alpha/Content/Widgets/W_PauseMenu/twotone_logout_white_48dp.uexp" 677
"C:/Users/ulvin/OneDrive/Belgeler/Unreal Projects/Budget-Backrooms-0.0.3-alpha/Content/Widgets/W_PauseMenu/twotone_pause_circle_white_48dp.uasset" 678
"C:/Users/ulvin/OneDrive/Belgeler/Unreal Projects/Budget-Backrooms-0.0.3-alpha/Content/Widgets/W_PauseMenu/twotone_pause_circle_white_48dp.uexp" 679
"C:/Users/ulvin/OneDrive/Belgeler/Unreal Projects/Budget-Backrooms-0.0.3-alpha/Content/Widgets/W_PauseMenu/twotone_play_arrow_white_48dp.uasset" 680
"C:/Users/ulvin/OneDrive/Belgeler/Unreal Projects/Budget-Backrooms-0.0.3-alpha/Content/Widgets/W_PauseMenu/twotone_play_arrow_white_48dp.uexp" 681
"C:/Users/ulvin/OneDrive/Belgeler/Unreal Projects/Budget-Backrooms-0.0.3-alpha/Content/Widgets/W_PauseMenu/PauseMenuWidget.uasset" 682
"C:/Users/ulvin/OneDrive/Belgeler/Unreal Projects/Budget-Backrooms-0.0.3-alpha/Content/Widgets/W_PauseMenu/PauseMenuWidget.uexp" 683
"C:/Users/ulvin/OneDrive/Belgeler/Unreal Projects/Budget-Backrooms-0.0.3-alpha/Content/beau.uasset" 684
"C:/Users/ulvin/OneDrive/Belgeler/Unreal Projects/Budget-Backrooms-0.0.3-alpha/Content/beau.uexp" 685
"C:/Users/ulvin/OneDrive/Belgeler/Unreal Projects/Budget-Backrooms-0.0.3-alpha/Content/aoodio/f4.ubulk" 686
"C:/Users/ulvin/OneDrive/Belgeler/Unreal Projects/Budget-Backrooms-0.0.3-alpha/Content/aoodio/f4.uasset" 687
"C:/Users/ulvin/OneDrive/Belgeler/Unreal Projects/Budget-Backrooms-0.0.3-alpha/Content/aoodio/f4.uexp" 688
"C:/Users/ulvin/OneDrive/Belgeler/Unreal Projects/Budget-Backrooms-0.0.3-alpha/Content/aoodio/f2.ubulk" 689
"C:/Users/ulvin/OneDrive/Belgeler/Unreal Projects/Budget-Backrooms-0.0.3-alpha/Content/aoodio/f2.uasset" 690
"C:/Users/ulvin/OneDrive/Belgeler/Unreal Projects/Budget-Backrooms-0.0.3-alpha/Content/aoodio/f2.uexp" 691
"C:/Users/ulvin/OneDrive/Belgeler/Unreal Projects/Budget-Backrooms-0.0.3-alpha/Content/aoodio/f1.ubulk" 692
"C:/Users/ulvin/OneDrive/Belgeler/Unreal Projects/Budget-Backrooms-0.0.3-alpha/Content/aoodio/f1.uasset" 693
"C:/Users/ulvin/OneDrive/Belgeler/Unreal Projects/Budget-Backrooms-0.0.3-alpha/Content/aoodio/f1.uexp" 694
"C:/Users/ulvin/OneDrive/Belgeler/Unreal Projects/Budget-Backrooms-0.0.3-alpha/Content/aoodio/f3.ubulk" 695
"C:/Users/ulvin/OneDrive/Belgeler/Unreal Projects/Budget-Backrooms-0.0.3-alpha/Content/aoodio/f3.uasset" 696
"C:/Users/ulvin/OneDrive/Belgeler/Unreal Projects/Budget-Backrooms-0.0.3-alpha/Content/aoodio/f3.uexp" 697
"C:/Users/ulvin/OneDrive/Belgeler/Unreal Projects/Budget-Backrooms-0.0.3-alpha/Content/aoodio/walking_carpet_Cue.uasset" 698
"C:/Users/ulvin/OneDrive/Belgeler/Unreal Projects/Budget-Backrooms-0.0.3-alpha/Content/aoodio/walking_carpet_Cue.uexp" 699
"C:/Users/ulvin/OneDrive/Belgeler/Unreal Projects/Budget-Backrooms-0.0.3-alpha/Content/Flashlight/T_Flashlight.ubulk" 700
"C:/Users/ulvin/OneDrive/Belgeler/Unreal Projects/Budget-Backrooms-0.0.3-alpha/Content/Flashlight/T_Flashlight.uasset" 701
"C:/Users/ulvin/OneDrive/Belgeler/Unreal Projects/Budget-Backrooms-0.0.3-alpha/Content/Flashlight/T_Flashlight.uexp" 702
"C:/Users/ulvin/OneDrive/Belgeler/Unreal Projects/Budget-Backrooms-0.0.3-alpha/Content/Flashlight/M_Flashlight.uasset" 703
"C:/Users/ulvin/OneDrive/Belgeler/Unreal Projects/Budget-Backrooms-0.0.3-alpha/Content/Flashlight/M_Flashlight.uexp" 704
"C:/Users/ulvin/OneDrive/Belgeler/Unreal Projects/Budget-Backrooms-0.0.3-alpha/Content/soonete/flashlait.ubulk" 705
"C:/Users/ulvin/OneDrive/Belgeler/Unreal Projects/Budget-Backrooms-0.0.3-alpha/Content/soonete/flashlait.uasset" 706
"C:/Users/ulvin/OneDrive/Belgeler/Unreal Projects/Budget-Backrooms-0.0.3-alpha/Content/soonete/flashlait.uexp" 707
"C:/Users/ulvin/OneDrive/Belgeler/Unreal Projects/Budget-Backrooms-0.0.3-alpha/Content/Widgets/Sprint.uasset" 708
"C:/Users/ulvin/OneDrive/Belgeler/Unreal Projects/Budget-Backrooms-0.0.3-alpha/Content/Widgets/Sprint.uexp" 709
"C:/Users/ulvin/OneDrive/Belgeler/Unreal Projects/Budget-Backrooms-0.0.3-alpha/Content/P_Player.uasset" 710
"C:/Users/ulvin/OneDrive/Belgeler/Unreal Projects/Budget-Backrooms-0.0.3-alpha/Content/P_Player.uexp" 711
"C:/Users/ulvin/OneDrive/Belgeler/Unreal Projects/Budget-Backrooms-0.0.3-alpha/Content/Gem.uasset" 712
"C:/Users/ulvin/OneDrive/Belgeler/Unreal Projects/Budget-Backrooms-0.0.3-alpha/Content/Gem.uexp" 713
"C:/Users/ulvin/OneDrive/Belgeler/Unreal Projects/Budget-Backrooms-0.0.3-alpha/Content/Harti/M_Menu.uexp" 714
"C:/Users/ulvin/OneDrive/Belgeler/Unreal Projects/Budget-Backrooms-0.0.3-alpha/Content/Harti/M_Menu.umap" 715
"C:/Users/ulvin/OneDrive/Belgeler/Unreal Projects/Budget-Backrooms-0.0.3-alpha/Content/P_MenCam.uasset" 716
"C:/Users/ulvin/OneDrive/Belgeler/Unreal Projects/Budget-Backrooms-0.0.3-alpha/Content/P_MenCam.uexp" 717
"C:/Users/ulvin/OneDrive/Belgeler/Unreal Projects/Budget-Backrooms-0.0.3-alpha/Content/menu.uasset" 718
"C:/Users/ulvin/OneDrive/Belgeler/Unreal Projects/Budget-Backrooms-0.0.3-alpha/Content/menu.uexp" 719
"../../../Engine/Content/BasicShapes/Plane.uasset" 720
"../../../Engine/Content/BasicShapes/Plane.uexp" 721
"C:/Users/ulvin/OneDrive/Belgeler/Unreal Projects/Budget-Backrooms-0.0.3-alpha/Content/Luminite.uasset" 722
"C:/Users/ulvin/OneDrive/Belgeler/Unreal Projects/Budget-Backrooms-0.0.3-alpha/Content/Luminite.uexp" 723
"C:/Users/ulvin/OneDrive/Belgeler/Unreal Projects/Budget-Backrooms-0.0.3-alpha/Content/Harti/M_BRooms/M_BRooms_Wall.uasset" 724
"C:/Users/ulvin/OneDrive/Belgeler/Unreal Projects/Budget-Backrooms-0.0.3-alpha/Content/Harti/M_BRooms/M_BRooms_Wall.uexp" 725
"C:/Users/ulvin/OneDrive/Belgeler/Unreal Projects/Budget-Backrooms-0.0.3-alpha/Content/Harti/M_BRooms/M_BRooms_Floor.uasset" 726
"C:/Users/ulvin/OneDrive/Belgeler/Unreal Projects/Budget-Backrooms-0.0.3-alpha/Content/Harti/M_BRooms/M_BRooms_Floor.uexp" 727
"C:/Users/ulvin/OneDrive/Belgeler/Unreal Projects/Budget-Backrooms-0.0.3-alpha/Content/Widgets/W_MainMenu/ic_github_white_48dp.uasset" 728
"C:/Users/ulvin/OneDrive/Belgeler/Unreal Projects/Budget-Backrooms-0.0.3-alpha/Content/Widgets/W_MainMenu/ic_github_white_48dp.uexp" 729
"C:/Users/ulvin/OneDrive/Belgeler/Unreal Projects/Budget-Backrooms-0.0.3-alpha/Content/Widgets/W_Opt_Menu/icons8-candy-cane-pattern-96.uasset" 730
"C:/Users/ulvin/OneDrive/Belgeler/Unreal Projects/Budget-Backrooms-0.0.3-alpha/Content/Widgets/W_Opt_Menu/icons8-candy-cane-pattern-96.uexp" 731
"C:/Users/ulvin/OneDrive/Belgeler/Unreal Projects/Budget-Backrooms-0.0.3-alpha/Content/Widgets/W_Opt_Menu/twotone_deblur_white_48dp.uasset" 732
"C:/Users/ulvin/OneDrive/Belgeler/Unreal Projects/Budget-Backrooms-0.0.3-alpha/Content/Widgets/W_Opt_Menu/twotone_deblur_white_48dp.uexp" 733
"C:/Users/ulvin/OneDrive/Belgeler/Unreal Projects/Budget-Backrooms-0.0.3-alpha/Content/Widgets/W_Opt_Menu/twotone_photo_size_select_large_white_48dp.uasset" 734
"C:/Users/ulvin/OneDrive/Belgeler/Unreal Projects/Budget-Backrooms-0.0.3-alpha/Content/Widgets/W_Opt_Menu/twotone_photo_size_select_large_white_48dp.uexp" 735
"C:/Users/ulvin/OneDrive/Belgeler/Unreal Projects/Budget-Backrooms-0.0.3-alpha/Content/Widgets/W_Opt_Menu/animation-icon-two-tone.uasset" 736
"C:/Users/ulvin/OneDrive/Belgeler/Unreal Projects/Budget-Backrooms-0.0.3-alpha/Content/Widgets/W_Opt_Menu/animation-icon-two-tone.uexp" 737
"C:/Users/ulvin/OneDrive/Belgeler/Unreal Projects/Budget-Backrooms-0.0.3-alpha/Content/Widgets/W_Opt_Menu/twotone_wb_shade_white_48dp.uasset" 738
"C:/Users/ulvin/OneDrive/Belgeler/Unreal Projects/Budget-Backrooms-0.0.3-alpha/Content/Widgets/W_Opt_Menu/twotone_wb_shade_white_48dp.uexp" 739
"C:/Users/ulvin/OneDrive/Belgeler/Unreal Projects/Budget-Backrooms-0.0.3-alpha/Content/Widgets/W_Opt_Menu/icons8-blur-96.uasset" 740
"C:/Users/ulvin/OneDrive/Belgeler/Unreal Projects/Budget-Backrooms-0.0.3-alpha/Content/Widgets/W_Opt_Menu/icons8-blur-96.uexp" 741
"C:/Users/ulvin/OneDrive/Belgeler/Unreal Projects/Budget-Backrooms-0.0.3-alpha/Content/Widgets/W_Opt_Menu/twotone_arrow_back_white_48dp.uasset" 742
"C:/Users/ulvin/OneDrive/Belgeler/Unreal Projects/Budget-Backrooms-0.0.3-alpha/Content/Widgets/W_Opt_Menu/twotone_arrow_back_white_48dp.uexp" 743
"C:/Users/ulvin/OneDrive/Belgeler/Unreal Projects/Budget-Backrooms-0.0.3-alpha/Content/Widgets/W_Opt_Menu/W_OptMenuMenu.uasset" 744
"C:/Users/ulvin/OneDrive/Belgeler/Unreal Projects/Budget-Backrooms-0.0.3-alpha/Content/Widgets/W_Opt_Menu/W_OptMenuMenu.uexp" 745
"C:/Users/ulvin/OneDrive/Belgeler/Unreal Projects/Budget-Backrooms-0.0.3-alpha/Content/Fonts/Rubik-Light.uexp" 746
"C:/Users/ulvin/OneDrive/Belgeler/Unreal Projects/Budget-Backrooms-0.0.3-alpha/Content/Fonts/Rubik-Light.uasset" 747
"C:/Users/ulvin/OneDrive/Belgeler/Unreal Projects/Budget-Backrooms-0.0.3-alpha/Content/Fonts/Rubik-Light.ufont" 748
"C:/Users/ulvin/OneDrive/Belgeler/Unreal Projects/Budget-Backrooms-0.0.3-alpha/Content/Fonts/Rubik-Light_Font.uasset" 749
"C:/Users/ulvin/OneDrive/Belgeler/Unreal Projects/Budget-Backrooms-0.0.3-alpha/Content/Fonts/Rubik-Light_Font.uexp" 750
"C:/Users/ulvin/OneDrive/Belgeler/Unreal Projects/Budget-Backrooms-0.0.3-alpha/Content/Widgets/W_GHExternalWarn/twotone_open_in_browser_white_48dp.uasset" 751
"C:/Users/ulvin/OneDrive/Belgeler/Unreal Projects/Budget-Backrooms-0.0.3-alpha/Content/Widgets/W_GHExternalWarn/twotone_open_in_browser_white_48dp.uexp" 752
"C:/Users/ulvin/OneDrive/Belgeler/Unreal Projects/Budget-Backrooms-0.0.3-alpha/Content/aoodio/ui/notify.ubulk" 753
"C:/Users/ulvin/OneDrive/Belgeler/Unreal Projects/Budget-Backrooms-0.0.3-alpha/Content/aoodio/ui/notify.uasset" 754
"C:/Users/ulvin/OneDrive/Belgeler/Unreal Projects/Budget-Backrooms-0.0.3-alpha/Content/aoodio/ui/notify.uexp" 755
"C:/Users/ulvin/OneDrive/Belgeler/Unreal Projects/Budget-Backrooms-0.0.3-alpha/Content/Widgets/W_GHExternalWarn/twotone_close_white_48dp.uasset" 756
"C:/Users/ulvin/OneDrive/Belgeler/Unreal Projects/Budget-Backrooms-0.0.3-alpha/Content/Widgets/W_GHExternalWarn/twotone_close_white_48dp.uexp" 757
"C:/Users/ulvin/OneDrive/Belgeler/Unreal Projects/Budget-Backrooms-0.0.3-alpha/Content/Widgets/W_GHExternalWarn/twotone_done_white_48dp.uasset" 758
"C:/Users/ulvin/OneDrive/Belgeler/Unreal Projects/Budget-Backrooms-0.0.3-alpha/Content/Widgets/W_GHExternalWarn/twotone_done_white_48dp.uexp" 759
"C:/Users/ulvin/OneDrive/Belgeler/Unreal Projects/Budget-Backrooms-0.0.3-alpha/Content/Widgets/W_GHExternalWarn/W_GH_ExternalWarn.uasset" 760
"C:/Users/ulvin/OneDrive/Belgeler/Unreal Projects/Budget-Backrooms-0.0.3-alpha/Content/Widgets/W_GHExternalWarn/W_GH_ExternalWarn.uexp" 761
"C:/Users/ulvin/OneDrive/Belgeler/Unreal Projects/Budget-Backrooms-0.0.3-alpha/Content/Widgets/W_MainMenu/W_MainMenu.uasset" 762
"C:/Users/ulvin/OneDrive/Belgeler/Unreal Projects/Budget-Backrooms-0.0.3-alpha/Content/Widgets/W_MainMenu/W_MainMenu.uexp" 763
"C:/Users/ulvin/OneDrive/Belgeler/Unreal Projects/Budget-Backrooms-0.0.3-alpha/Content/Harti/M_MainMenu.uexp" 764
"C:/Users/ulvin/OneDrive/Belgeler/Unreal Projects/Budget-Backrooms-0.0.3-alpha/Content/Harti/M_MainMenu.umap" 765
"C:/Users/ulvin/OneDrive/Belgeler/Unreal Projects/Budget-Backrooms-0.0.3-alpha/Content/Fresh_Materials/Emissive/Emissive_Inst_3.uasset" 766
"C:/Users/ulvin/OneDrive/Belgeler/Unreal Projects/Budget-Backrooms-0.0.3-alpha/Content/Fresh_Materials/Emissive/Emissive_Inst_3.uexp" 767
"C:/Users/ulvin/OneDrive/Belgeler/Unreal Projects/Budget-Backrooms-0.0.3-alpha/Content/PolyHaven/Material_001.uasset" 768
"C:/Users/ulvin/OneDrive/Belgeler/Unreal Projects/Budget-Backrooms-0.0.3-alpha/Content/PolyHaven/Material_001.uexp" 769
"C:/Users/ulvin/OneDrive/Belgeler/Unreal Projects/Budget-Backrooms-0.0.3-alpha/Content/PolyHaven/bruh_Text.uasset" 770
"C:/Users/ulvin/OneDrive/Belgeler/Unreal Projects/Budget-Backrooms-0.0.3-alpha/Content/PolyHaven/bruh_Text.uexp" 771
"C:/Users/ulvin/OneDrive/Belgeler/Unreal Projects/Budget-Backrooms-0.0.3-alpha/Content/PolyHaven/Material_002.uasset" 772
"C:/Users/ulvin/OneDrive/Belgeler/Unreal Projects/Budget-Backrooms-0.0.3-alpha/Content/PolyHaven/Material_002.uexp" 773
"C:/Users/ulvin/OneDrive/Belgeler/Unreal Projects/Budget-Backrooms-0.0.3-alpha/Content/PolyHaven/bruh_Cube.uasset" 774
"C:/Users/ulvin/OneDrive/Belgeler/Unreal Projects/Budget-Backrooms-0.0.3-alpha/Content/PolyHaven/bruh_Cube.uexp" 775
"C:/Users/ulvin/OneDrive/Belgeler/Unreal Projects/Budget-Backrooms-0.0.3-alpha/Content/PolyHaven/Exit.uasset" 776
"C:/Users/ulvin/OneDrive/Belgeler/Unreal Projects/Budget-Backrooms-0.0.3-alpha/Content/PolyHaven/Exit.uexp" 777
"C:/Users/ulvin/OneDrive/Belgeler/Unreal Projects/Budget-Backrooms-0.0.3-alpha/Content/Fonts/Rubik-Bold.uexp" 778
"C:/Users/ulvin/OneDrive/Belgeler/Unreal Projects/Budget-Backrooms-0.0.3-alpha/Content/Fonts/Rubik-Bold.uasset" 779
"C:/Users/ulvin/OneDrive/Belgeler/Unreal Projects/Budget-Backrooms-0.0.3-alpha/Content/Fonts/Rubik-Bold.ufont" 780
"C:/Users/ulvin/OneDrive/Belgeler/Unreal Projects/Budget-Backrooms-0.0.3-alpha/Content/Fonts/Rubik-Bold_Font.uasset" 781
"C:/Users/ulvin/OneDrive/Belgeler/Unreal Projects/Budget-Backrooms-0.0.3-alpha/Content/Fonts/Rubik-Bold_Font.uexp" 782
"C:/Users/ulvin/OneDrive/Belgeler/Unreal Projects/Budget-Backrooms-0.0.3-alpha/Content/Widgets/W_NotifyTest/W_Danger.uasset" 783
"C:/Users/ulvin/OneDrive/Belgeler/Unreal Projects/Budget-Backrooms-0.0.3-alpha/Content/Widgets/W_NotifyTest/W_Danger.uexp" 784
"C:/Users/ulvin/OneDrive/Belgeler/Unreal Projects/Budget-Backrooms-0.0.3-alpha/Content/Widgets/W_NotifyTest/W_NotifyHUD_C5.uasset" 785
"C:/Users/ulvin/OneDrive/Belgeler/Unreal Projects/Budget-Backrooms-0.0.3-alpha/Content/Widgets/W_NotifyTest/W_NotifyHUD_C5.uexp" 786
"C:/Users/ulvin/OneDrive/Belgeler/Unreal Projects/Budget-Backrooms-0.0.3-alpha/Content/Megascans/Surfaces/Brown_Ceramic_Tiles_ui5kcglg/Roughness_4K_ui5kcglg.ubulk" 787
"C:/Users/ulvin/OneDrive/Belgeler/Unreal Projects/Budget-Backrooms-0.0.3-alpha/Content/Megascans/Surfaces/Brown_Ceramic_Tiles_ui5kcglg/Roughness_4K_ui5kcglg.uasset" 788
"C:/Users/ulvin/OneDrive/Belgeler/Unreal Projects/Budget-Backrooms-0.0.3-alpha/Content/Megascans/Surfaces/Brown_Ceramic_Tiles_ui5kcglg/Roughness_4K_ui5kcglg.uexp" 789
"C:/Users/ulvin/OneDrive/Belgeler/Unreal Projects/Budget-Backrooms-0.0.3-alpha/Content/Megascans/Surfaces/Brown_Ceramic_Tiles_ui5kcglg/Displacement_4K_ui5kcglg.ubulk" 790
"C:/Users/ulvin/OneDrive/Belgeler/Unreal Projects/Budget-Backrooms-0.0.3-alpha/Content/Megascans/Surfaces/Brown_Ceramic_Tiles_ui5kcglg/Displacement_4K_ui5kcglg.uasset" 791
"C:/Users/ulvin/OneDrive/Belgeler/Unreal Projects/Budget-Backrooms-0.0.3-alpha/Content/Megascans/Surfaces/Brown_Ceramic_Tiles_ui5kcglg/Displacement_4K_ui5kcglg.uexp" 792
"C:/Users/ulvin/OneDrive/Belgeler/Unreal Projects/Budget-Backrooms-0.0.3-alpha/Content/Megascans/Surfaces/Brown_Ceramic_Tiles_ui5kcglg/Albedo_4K_ui5kcglg.ubulk" 793
"C:/Users/ulvin/OneDrive/Belgeler/Unreal Projects/Budget-Backrooms-0.0.3-alpha/Content/Megascans/Surfaces/Brown_Ceramic_Tiles_ui5kcglg/Albedo_4K_ui5kcglg.uasset" 794
"C:/Users/ulvin/OneDrive/Belgeler/Unreal Projects/Budget-Backrooms-0.0.3-alpha/Content/Megascans/Surfaces/Brown_Ceramic_Tiles_ui5kcglg/Albedo_4K_ui5kcglg.uexp" 795
"C:/Users/ulvin/OneDrive/Belgeler/Unreal Projects/Budget-Backrooms-0.0.3-alpha/Content/Megascans/Surfaces/Brown_Ceramic_Tiles_ui5kcglg/AO_4K_ui5kcglg.ubulk" 796
"C:/Users/ulvin/OneDrive/Belgeler/Unreal Projects/Budget-Backrooms-0.0.3-alpha/Content/Megascans/Surfaces/Brown_Ceramic_Tiles_ui5kcglg/AO_4K_ui5kcglg.uasset" 797
"C:/Users/ulvin/OneDrive/Belgeler/Unreal Projects/Budget-Backrooms-0.0.3-alpha/Content/Megascans/Surfaces/Brown_Ceramic_Tiles_ui5kcglg/AO_4K_ui5kcglg.uexp" 798
"C:/Users/ulvin/OneDrive/Belgeler/Unreal Projects/Budget-Backrooms-0.0.3-alpha/Content/Megascans/Surfaces/Brown_Ceramic_Tiles_ui5kcglg/Normal_4K_ui5kcglg.ubulk" 799
"C:/Users/ulvin/OneDrive/Belgeler/Unreal Projects/Budget-Backrooms-0.0.3-alpha/Content/Megascans/Surfaces/Brown_Ceramic_Tiles_ui5kcglg/Normal_4K_ui5kcglg.uasset" 800
"C:/Users/ulvin/OneDrive/Belgeler/Unreal Projects/Budget-Backrooms-0.0.3-alpha/Content/Megascans/Surfaces/Brown_Ceramic_Tiles_ui5kcglg/Normal_4K_ui5kcglg.uexp" 801
"C:/Users/ulvin/OneDrive/Belgeler/Unreal Projects/Budget-Backrooms-0.0.3-alpha/Content/Megascans/Surfaces/Brown_Ceramic_Tiles_ui5kcglg/Brown_Ceramic_Tiles.uasset" 802
"C:/Users/ulvin/OneDrive/Belgeler/Unreal Projects/Budget-Backrooms-0.0.3-alpha/Content/Megascans/Surfaces/Brown_Ceramic_Tiles_ui5kcglg/Brown_Ceramic_Tiles.uexp" 803
"C:/Users/ulvin/OneDrive/Belgeler/Unreal Projects/Budget-Backrooms-0.0.3-alpha/Content/Harti/M_Level_Null/M_LV_N_Floor.uasset" 804
"C:/Users/ulvin/OneDrive/Belgeler/Unreal Projects/Budget-Backrooms-0.0.3-alpha/Content/Harti/M_Level_Null/M_LV_N_Floor.uexp" 805
"C:/Users/ulvin/OneDrive/Belgeler/Unreal Projects/Budget-Backrooms-0.0.3-alpha/Content/Megascans/Surfaces/White_Ceramic_Tiles_uhrjcdaew/Normal_4K_uhrjcdaew.ubulk" 806
"C:/Users/ulvin/OneDrive/Belgeler/Unreal Projects/Budget-Backrooms-0.0.3-alpha/Content/Megascans/Surfaces/White_Ceramic_Tiles_uhrjcdaew/Normal_4K_uhrjcdaew.uasset" 807
"C:/Users/ulvin/OneDrive/Belgeler/Unreal Projects/Budget-Backrooms-0.0.3-alpha/Content/Megascans/Surfaces/White_Ceramic_Tiles_uhrjcdaew/Normal_4K_uhrjcdaew.uexp" 808
"C:/Users/ulvin/OneDrive/Belgeler/Unreal Projects/Budget-Backrooms-0.0.3-alpha/Content/Megascans/Surfaces/White_Ceramic_Tiles_uhrjcdaew/AO_4K_uhrjcdaew.ubulk" 809
"C:/Users/ulvin/OneDrive/Belgeler/Unreal Projects/Budget-Backrooms-0.0.3-alpha/Content/Megascans/Surfaces/White_Ceramic_Tiles_uhrjcdaew/AO_4K_uhrjcdaew.uasset" 810
"C:/Users/ulvin/OneDrive/Belgeler/Unreal Projects/Budget-Backrooms-0.0.3-alpha/Content/Megascans/Surfaces/White_Ceramic_Tiles_uhrjcdaew/AO_4K_uhrjcdaew.uexp" 811
"C:/Users/ulvin/OneDrive/Belgeler/Unreal Projects/Budget-Backrooms-0.0.3-alpha/Content/Megascans/Surfaces/White_Ceramic_Tiles_uhrjcdaew/Roughness_4K_uhrjcdaew.ubulk" 812
"C:/Users/ulvin/OneDrive/Belgeler/Unreal Projects/Budget-Backrooms-0.0.3-alpha/Content/Megascans/Surfaces/White_Ceramic_Tiles_uhrjcdaew/Roughness_4K_uhrjcdaew.uasset" 813
"C:/Users/ulvin/OneDrive/Belgeler/Unreal Projects/Budget-Backrooms-0.0.3-alpha/Content/Megascans/Surfaces/White_Ceramic_Tiles_uhrjcdaew/Roughness_4K_uhrjcdaew.uexp" 814
"C:/Users/ulvin/OneDrive/Belgeler/Unreal Projects/Budget-Backrooms-0.0.3-alpha/Content/Megascans/Surfaces/White_Ceramic_Tiles_uhrjcdaew/Displacement_4K_uhrjcdaew.ubulk" 815
"C:/Users/ulvin/OneDrive/Belgeler/Unreal Projects/Budget-Backrooms-0.0.3-alpha/Content/Megascans/Surfaces/White_Ceramic_Tiles_uhrjcdaew/Displacement_4K_uhrjcdaew.uasset" 816
"C:/Users/ulvin/OneDrive/Belgeler/Unreal Projects/Budget-Backrooms-0.0.3-alpha/Content/Megascans/Surfaces/White_Ceramic_Tiles_uhrjcdaew/Displacement_4K_uhrjcdaew.uexp" 817
"C:/Users/ulvin/OneDrive/Belgeler/Unreal Projects/Budget-Backrooms-0.0.3-alpha/Content/Megascans/Surfaces/White_Ceramic_Tiles_uhrjcdaew/Albedo_4K_uhrjcdaew.ubulk" 818
"C:/Users/ulvin/OneDrive/Belgeler/Unreal Projects/Budget-Backrooms-0.0.3-alpha/Content/Megascans/Surfaces/White_Ceramic_Tiles_uhrjcdaew/Albedo_4K_uhrjcdaew.uasset" 819
"C:/Users/ulvin/OneDrive/Belgeler/Unreal Projects/Budget-Backrooms-0.0.3-alpha/Content/Megascans/Surfaces/White_Ceramic_Tiles_uhrjcdaew/Albedo_4K_uhrjcdaew.uexp" 820
"C:/Users/ulvin/OneDrive/Belgeler/Unreal Projects/Budget-Backrooms-0.0.3-alpha/Content/Megascans/Surfaces/White_Ceramic_Tiles_uhrjcdaew/White_Ceramic_tiles.uasset" 821
"C:/Users/ulvin/OneDrive/Belgeler/Unreal Projects/Budget-Backrooms-0.0.3-alpha/Content/Megascans/Surfaces/White_Ceramic_Tiles_uhrjcdaew/White_Ceramic_tiles.uexp" 822
"C:/Users/ulvin/OneDrive/Belgeler/Unreal Projects/Budget-Backrooms-0.0.3-alpha/Content/Harti/M_Level_Null/M_LV_N_Wall.uasset" 823
"C:/Users/ulvin/OneDrive/Belgeler/Unreal Projects/Budget-Backrooms-0.0.3-alpha/Content/Harti/M_Level_Null/M_LV_N_Wall.uexp" 824
"C:/Users/ulvin/OneDrive/Belgeler/Unreal Projects/Budget-Backrooms-0.0.3-alpha/Content/Harti/M_Level_Null/M_Level_Null.uexp" 825
"C:/Users/ulvin/OneDrive/Belgeler/Unreal Projects/Budget-Backrooms-0.0.3-alpha/Content/Harti/M_Level_Null/M_Level_Null.umap" 826
"C:/Users/ulvin/OneDrive/Belgeler/Unreal Projects/Budget-Backrooms-0.0.3-alpha/Content/aoodio/bum_bum.ubulk" 827
"C:/Users/ulvin/OneDrive/Belgeler/Unreal Projects/Budget-Backrooms-0.0.3-alpha/Content/aoodio/bum_bum.uasset" 828
"C:/Users/ulvin/OneDrive/Belgeler/Unreal Projects/Budget-Backrooms-0.0.3-alpha/Content/aoodio/bum_bum.uexp" 829
"C:/Users/ulvin/OneDrive/Belgeler/Unreal Projects/Budget-Backrooms-0.0.3-alpha/Content/aoodio/uave_file.ubulk" 830
"C:/Users/ulvin/OneDrive/Belgeler/Unreal Projects/Budget-Backrooms-0.0.3-alpha/Content/aoodio/uave_file.uasset" 831
"C:/Users/ulvin/OneDrive/Belgeler/Unreal Projects/Budget-Backrooms-0.0.3-alpha/Content/aoodio/uave_file.uexp" 832
"C:/Users/ulvin/OneDrive/Belgeler/Unreal Projects/Budget-Backrooms-0.0.3-alpha/Content/aoodio/uave_file_Cue.uasset" 833
"C:/Users/ulvin/OneDrive/Belgeler/Unreal Projects/Budget-Backrooms-0.0.3-alpha/Content/aoodio/uave_file_Cue.uexp" 834
"C:/Users/ulvin/OneDrive/Belgeler/Unreal Projects/Budget-Backrooms-0.0.3-alpha/Content/Widgets/W_ExtWarn2/W_GH_ExternalWarn2.uasset" 835
"C:/Users/ulvin/OneDrive/Belgeler/Unreal Projects/Budget-Backrooms-0.0.3-alpha/Content/Widgets/W_ExtWarn2/W_GH_ExternalWarn2.uexp" 836
"C:/Users/ulvin/OneDrive/Belgeler/Unreal Projects/Budget-Backrooms-0.0.3-alpha/Content/Widgets/W_FinishMap_Alpha/twotone_handyman_white_48dp.uasset" 837
"C:/Users/ulvin/OneDrive/Belgeler/Unreal Projects/Budget-Backrooms-0.0.3-alpha/Content/Widgets/W_FinishMap_Alpha/twotone_handyman_white_48dp.uexp" 838
"C:/Users/ulvin/OneDrive/Belgeler/Unreal Projects/Budget-Backrooms-0.0.3-alpha/Content/Widgets/W_FinishMap_Alpha/twotone_refresh_white_48dp.uasset" 839
"C:/Users/ulvin/OneDrive/Belgeler/Unreal Projects/Budget-Backrooms-0.0.3-alpha/Content/Widgets/W_FinishMap_Alpha/twotone_refresh_white_48dp.uexp" 840
"C:/Users/ulvin/OneDrive/Belgeler/Unreal Projects/Budget-Backrooms-0.0.3-alpha/Content/Widgets/W_FinishMap_Alpha/W_FinishMap_Alpha.uasset" 841
"C:/Users/ulvin/OneDrive/Belgeler/Unreal Projects/Budget-Backrooms-0.0.3-alpha/Content/Widgets/W_FinishMap_Alpha/W_FinishMap_Alpha.uexp" 842
"../../../Engine/Content/BasicShapes/Cube.uasset" 843
"../../../Engine/Content/BasicShapes/Cube.uexp" 844
"C:/Users/ulvin/OneDrive/Belgeler/Unreal Projects/Budget-Backrooms-0.0.3-alpha/Content/AI_Stuff/FindPlayerLocation.uasset" 845
"C:/Users/ulvin/OneDrive/Belgeler/Unreal Projects/Budget-Backrooms-0.0.3-alpha/Content/AI_Stuff/FindPlayerLocation.uexp" 846
"C:/Users/ulvin/OneDrive/Belgeler/Unreal Projects/Budget-Backrooms-0.0.3-alpha/Content/AI_Stuff/FindRandomLocation.uasset" 847
"C:/Users/ulvin/OneDrive/Belgeler/Unreal Projects/Budget-Backrooms-0.0.3-alpha/Content/AI_Stuff/FindRandomLocation.uexp" 848
"C:/Users/ulvin/OneDrive/Belgeler/Unreal Projects/Budget-Backrooms-0.0.3-alpha/Content/AI_Stuff/BB_AI.uasset" 849
"C:/Users/ulvin/OneDrive/Belgeler/Unreal Projects/Budget-Backrooms-0.0.3-alpha/Content/AI_Stuff/BB_AI.uexp" 850
"C:/Users/ulvin/OneDrive/Belgeler/Unreal Projects/Budget-Backrooms-0.0.3-alpha/Content/AI_Stuff/ChasePlayer.uasset" 851
"C:/Users/ulvin/OneDrive/Belgeler/Unreal Projects/Budget-Backrooms-0.0.3-alpha/Content/AI_Stuff/ChasePlayer.uexp" 852
"C:/Users/ulvin/OneDrive/Belgeler/Unreal Projects/Budget-Backrooms-0.0.3-alpha/Content/AI_Stuff/BT_AI.uasset" 853
"C:/Users/ulvin/OneDrive/Belgeler/Unreal Projects/Budget-Backrooms-0.0.3-alpha/Content/AI_Stuff/BT_AI.uexp" 854
"C:/Users/ulvin/OneDrive/Belgeler/Unreal Projects/Budget-Backrooms-0.0.3-alpha/Content/AI_Stuff/AI_Controller.uasset" 855
"C:/Users/ulvin/OneDrive/Belgeler/Unreal Projects/Budget-Backrooms-0.0.3-alpha/Content/AI_Stuff/AI_Controller.uexp" 856
"C:/Users/ulvin/OneDrive/Belgeler/Unreal Projects/Budget-Backrooms-0.0.3-alpha/Content/AI_Stuff/AI.uasset" 857
"C:/Users/ulvin/OneDrive/Belgeler/Unreal Projects/Budget-Backrooms-0.0.3-alpha/Content/AI_Stuff/AI.uexp" 858
"C:/Users/ulvin/OneDrive/Belgeler/Unreal Projects/Budget-Backrooms-0.0.3-alpha/Content/Megascans/3D_Assets/Fluorescent_Ceiling_Lamp_vgyidebaw/Normal_4K_LOD0_vgyidebaw.ubulk" 859
"C:/Users/ulvin/OneDrive/Belgeler/Unreal Projects/Budget-Backrooms-0.0.3-alpha/Content/Megascans/3D_Assets/Fluorescent_Ceiling_Lamp_vgyidebaw/Normal_4K_LOD0_vgyidebaw.uasset" 860
"C:/Users/ulvin/OneDrive/Belgeler/Unreal Projects/Budget-Backrooms-0.0.3-alpha/Content/Megascans/3D_Assets/Fluorescent_Ceiling_Lamp_vgyidebaw/Normal_4K_LOD0_vgyidebaw.uexp" 861
"../../../Engine/Plugins/2D/Paper2D/Content/PlaceholderTextures/FlatNormalMap.uasset" 862
"../../../Engine/Plugins/2D/Paper2D/Content/PlaceholderTextures/FlatNormalMap.uexp" 863
"C:/Users/ulvin/OneDrive/Belgeler/Unreal Projects/Budget-Backrooms-0.0.3-alpha/Content/Megascans/3D_Assets/Fluorescent_Ceiling_Lamp_vgyidebaw/Roughness_4K_vgyidebaw.ubulk" 864
"C:/Users/ulvin/OneDrive/Belgeler/Unreal Projects/Budget-Backrooms-0.0.3-alpha/Content/Megascans/3D_Assets/Fluorescent_Ceiling_Lamp_vgyidebaw/Roughness_4K_vgyidebaw.uasset" 865
"C:/Users/ulvin/OneDrive/Belgeler/Unreal Projects/Budget-Backrooms-0.0.3-alpha/Content/Megascans/3D_Assets/Fluorescent_Ceiling_Lamp_vgyidebaw/Roughness_4K_vgyidebaw.uexp" 866
"C:/Users/ulvin/OneDrive/Belgeler/Unreal Projects/Budget-Backrooms-0.0.3-alpha/Content/Megascans/3D_Assets/Fluorescent_Ceiling_Lamp_vgyidebaw/Albedo_4K_vgyidebaw.ubulk" 867
"C:/Users/ulvin/OneDrive/Belgeler/Unreal Projects/Budget-Backrooms-0.0.3-alpha/Content/Megascans/3D_Assets/Fluorescent_Ceiling_Lamp_vgyidebaw/Albedo_4K_vgyidebaw.uasset" 868
"C:/Users/ulvin/OneDrive/Belgeler/Unreal Projects/Budget-Backrooms-0.0.3-alpha/Content/Megascans/3D_Assets/Fluorescent_Ceiling_Lamp_vgyidebaw/Albedo_4K_vgyidebaw.uexp" 869
"../../../Engine/Content/Functions/Engine_MaterialFunctions02/Utility/BlendAngleCorrectedNormals.uasset" 870
"../../../Engine/Content/Functions/Engine_MaterialFunctions02/Utility/BlendAngleCorrectedNormals.uexp" 871
"../../../Engine/Content/EngineResources/Black.uasset" 872
"../../../Engine/Content/EngineResources/Black.uexp" 873
"C:/Users/ulvin/OneDrive/Belgeler/Unreal Projects/Budget-Backrooms-0.0.3-alpha/Content/MSPresets/MS_DefaultMaterial/MS_DefaultMaterial.uasset" 874
"C:/Users/ulvin/OneDrive/Belgeler/Unreal Projects/Budget-Backrooms-0.0.3-alpha/Content/MSPresets/MS_DefaultMaterial/MS_DefaultMaterial.uexp" 875
"C:/Users/ulvin/OneDrive/Belgeler/Unreal Projects/Budget-Backrooms-0.0.3-alpha/Content/Megascans/3D_Assets/Fluorescent_Ceiling_Lamp_vgyidebaw/Fluorescent_Ceiling_Lamp_vgyidebaw_inst.uasset" 876
"C:/Users/ulvin/OneDrive/Belgeler/Unreal Projects/Budget-Backrooms-0.0.3-alpha/Content/Megascans/3D_Assets/Fluorescent_Ceiling_Lamp_vgyidebaw/Fluorescent_Ceiling_Lamp_vgyidebaw_inst.uexp" 877
"C:/Users/ulvin/OneDrive/Belgeler/Unreal Projects/Budget-Backrooms-0.0.3-alpha/Content/StarterContent/Materials/M_Basic_Wall.uasset" 878
"C:/Users/ulvin/OneDrive/Belgeler/Unreal Projects/Budget-Backrooms-0.0.3-alpha/Content/StarterContent/Materials/M_Basic_Wall.uexp" 879
"C:/Users/ulvin/OneDrive/Belgeler/Unreal Projects/Budget-Backrooms-0.0.3-alpha/Content/StarterContent/Architecture/Wall_Door_400x400.uasset" 880
"C:/Users/ulvin/OneDrive/Belgeler/Unreal Projects/Budget-Backrooms-0.0.3-alpha/Content/StarterContent/Architecture/Wall_Door_400x400.uexp" 881
"C:/Users/ulvin/OneDrive/Belgeler/Unreal Projects/Budget-Backrooms-0.0.3-alpha/Content/Harti/M_BRooms/M_BRooms.uexp" 882
"C:/Users/ulvin/OneDrive/Belgeler/Unreal Projects/Budget-Backrooms-0.0.3-alpha/Content/Harti/M_BRooms/M_BRooms.umap" 883
